2021-03-27 11:50:00,772:INFO:PyCaret Supervised Module
2021-03-27 11:50:00,772:INFO:ML Usecase: classification
2021-03-27 11:50:00,772:INFO:version 2.3.0
2021-03-27 11:50:00,773:INFO:Initializing setup()
2021-03-27 11:50:00,773:INFO:setup(target=default, ml_usecase=classification, available_plots={'parameter': 'Hyperparameters', 'auc': 'AUC', 'confusion_matrix': 'Confusion Matrix', 'threshold': 'Threshold', 'pr': 'Precision Recall', 'error': 'Prediction Error', 'class_report': 'Class Report', 'rfe': 'Feature Selection', 'learning': 'Learning Curve', 'manifold': 'Manifold Learning', 'calibration': 'Calibration Curve', 'vc': 'Validation Curve', 'dimension': 'Dimensions', 'feature': 'Feature Importance', 'feature_all': 'Feature Importance (All)', 'boundary': 'Decision Boundary', 'lift': 'Lift Chart', 'gain': 'Gain Chart', 'tree': 'Decision Tree'}, train_size=0.7, test_data=None, preprocess=True, imputation_type=simple, iterative_imputation_iters=5, categorical_features=None, categorical_imputation=constant, categorical_iterative_imputer=lightgbm, ordinal_features=None, high_cardinality_features=None, high_cardinality_method=frequency, numeric_features=None, numeric_imputation=mean, numeric_iterative_imputer=lightgbm, date_features=None, ignore_features=None, normalize=False, normalize_method=zscore, transformation=False, transformation_method=yeo-johnson, handle_unknown_categorical=True, unknown_categorical_method=least_frequent, pca=False, pca_method=linear, pca_components=None, ignore_low_variance=False, combine_rare_levels=False, rare_level_threshold=0.1, bin_numeric_features=None, remove_outliers=False, outliers_threshold=0.05, remove_multicollinearity=False, multicollinearity_threshold=0.9, remove_perfect_collinearity=True, create_clusters=False, cluster_iter=20, polynomial_features=False, polynomial_degree=2, trigonometry_features=False, polynomial_threshold=0.1, group_features=None, group_names=None, feature_selection=False, feature_selection_threshold=0.8, feature_selection_method=classic, feature_interaction=False, feature_ratio=False, interaction_threshold=0.01, fix_imbalance=False, fix_imbalance_method=None, transform_target=False, transform_target_method=box-cox, data_split_shuffle=True, data_split_stratify=False, fold_strategy=stratifiedkfold, fold=10, fold_shuffle=False, fold_groups=None, n_jobs=-1, use_gpu=False, custom_pipeline=None, html=True, session_id=None, log_experiment=False, experiment_name=None, log_plots=False, log_profile=False, log_data=False, silent=False, verbose=True, profile=False, profile_kwargs=None, display=None)
2021-03-27 11:50:00,774:INFO:Checking environment
2021-03-27 11:50:00,775:INFO:python_version: 3.8.8
2021-03-27 11:50:00,775:INFO:python_build: ('default', 'Feb 24 2021 21:46:12')
2021-03-27 11:50:00,775:INFO:machine: x86_64
2021-03-27 11:50:00,823:INFO:platform: Linux-5.8.0-48-generic-x86_64-with-glibc2.10
2021-03-27 11:50:00,823:INFO:Memory: svmem(total=12473307136, available=7047610368, percent=43.5, used=4535709696, free=3550515200, active=5504331776, inactive=2527191040, buffers=221327360, cached=4165754880, shared=558387200, slab=397037568)
2021-03-27 11:50:00,824:INFO:Physical Core: 2
2021-03-27 11:50:00,824:INFO:Logical Core: 4
2021-03-27 11:50:00,824:INFO:Checking libraries
2021-03-27 11:50:00,824:INFO:pd==1.2.3
2021-03-27 11:50:00,824:INFO:numpy==1.19.5
2021-03-27 11:50:00,824:INFO:sklearn==0.23.2
2021-03-27 11:50:00,824:INFO:lightgbm==3.2.0
2021-03-27 11:50:00,824:WARNING:catboost not found
2021-03-27 11:50:00,825:WARNING:xgboost not found
2021-03-27 11:50:01,154:INFO:mlflow==1.15.0
2021-03-27 11:50:01,154:INFO:Checking Exceptions
2021-03-27 11:51:21,994:INFO:PyCaret Supervised Module
2021-03-27 11:51:21,994:INFO:ML Usecase: classification
2021-03-27 11:51:21,994:INFO:version 2.3.0
2021-03-27 11:51:21,994:INFO:Initializing setup()
2021-03-27 11:51:21,994:INFO:setup(target=cardio, ml_usecase=classification, available_plots={'parameter': 'Hyperparameters', 'auc': 'AUC', 'confusion_matrix': 'Confusion Matrix', 'threshold': 'Threshold', 'pr': 'Precision Recall', 'error': 'Prediction Error', 'class_report': 'Class Report', 'rfe': 'Feature Selection', 'learning': 'Learning Curve', 'manifold': 'Manifold Learning', 'calibration': 'Calibration Curve', 'vc': 'Validation Curve', 'dimension': 'Dimensions', 'feature': 'Feature Importance', 'feature_all': 'Feature Importance (All)', 'boundary': 'Decision Boundary', 'lift': 'Lift Chart', 'gain': 'Gain Chart', 'tree': 'Decision Tree'}, train_size=0.7, test_data=None, preprocess=True, imputation_type=simple, iterative_imputation_iters=5, categorical_features=None, categorical_imputation=constant, categorical_iterative_imputer=lightgbm, ordinal_features=None, high_cardinality_features=None, high_cardinality_method=frequency, numeric_features=None, numeric_imputation=mean, numeric_iterative_imputer=lightgbm, date_features=None, ignore_features=None, normalize=False, normalize_method=zscore, transformation=False, transformation_method=yeo-johnson, handle_unknown_categorical=True, unknown_categorical_method=least_frequent, pca=False, pca_method=linear, pca_components=None, ignore_low_variance=False, combine_rare_levels=False, rare_level_threshold=0.1, bin_numeric_features=None, remove_outliers=False, outliers_threshold=0.05, remove_multicollinearity=False, multicollinearity_threshold=0.9, remove_perfect_collinearity=True, create_clusters=False, cluster_iter=20, polynomial_features=False, polynomial_degree=2, trigonometry_features=False, polynomial_threshold=0.1, group_features=None, group_names=None, feature_selection=False, feature_selection_threshold=0.8, feature_selection_method=classic, feature_interaction=False, feature_ratio=False, interaction_threshold=0.01, fix_imbalance=False, fix_imbalance_method=None, transform_target=False, transform_target_method=box-cox, data_split_shuffle=True, data_split_stratify=False, fold_strategy=stratifiedkfold, fold=10, fold_shuffle=False, fold_groups=None, n_jobs=-1, use_gpu=False, custom_pipeline=None, html=True, session_id=None, log_experiment=False, experiment_name=None, log_plots=False, log_profile=False, log_data=False, silent=False, verbose=True, profile=False, profile_kwargs=None, display=None)
2021-03-27 11:51:21,995:INFO:Checking environment
2021-03-27 11:51:21,995:INFO:python_version: 3.8.8
2021-03-27 11:51:21,995:INFO:python_build: ('default', 'Feb 24 2021 21:46:12')
2021-03-27 11:51:21,995:INFO:machine: x86_64
2021-03-27 11:51:21,995:INFO:platform: Linux-5.8.0-48-generic-x86_64-with-glibc2.10
2021-03-27 11:51:21,996:INFO:Memory: svmem(total=12473307136, available=7031877632, percent=43.6, used=4558237696, free=3535056896, active=5528150016, inactive=2524663808, buffers=221638656, cached=4158373888, shared=551591936, slab=397041664)
2021-03-27 11:51:21,997:INFO:Physical Core: 2
2021-03-27 11:51:21,997:INFO:Logical Core: 4
2021-03-27 11:51:21,997:INFO:Checking libraries
2021-03-27 11:51:21,997:INFO:pd==1.2.3
2021-03-27 11:51:21,997:INFO:numpy==1.19.5
2021-03-27 11:51:21,997:INFO:sklearn==0.23.2
2021-03-27 11:51:21,997:INFO:lightgbm==3.2.0
2021-03-27 11:51:21,998:WARNING:catboost not found
2021-03-27 11:51:21,999:WARNING:xgboost not found
2021-03-27 11:51:21,999:INFO:mlflow==1.15.0
2021-03-27 11:51:21,999:INFO:Checking Exceptions
2021-03-27 11:51:21,999:INFO:Declaring global variables
2021-03-27 11:51:21,999:INFO:USI: deb5
2021-03-27 11:51:21,999:INFO:pycaret_globals: {'X', 'seed', 'USI', 'stratify_param', 'create_model_container', 'exp_name_log', 'logging_param', 'imputation_classifier', 'fold_shuffle_param', 'log_plots_param', 'prep_pipe', 'fix_imbalance_method_param', 'fold_param', '_internal_pipeline', 'fix_imbalance_param', '_ml_usecase', 'n_jobs_param', '_all_metrics', 'y', 'X_test', '_all_models', 'y_train', '_gpu_n_jobs_param', 'fold_groups_param', 'transform_target_param', 'display_container', 'data_before_preprocess', 'html_param', 'experiment__', 'fold_generator', 'master_model_container', 'gpu_param', 'iterative_imputation_iters_param', '_all_models_internal', 'target_param', 'imputation_regressor', 'transform_target_method_param', 'y_test', '_available_plots', 'X_train', 'pycaret_globals'}
2021-03-27 11:51:21,999:INFO:Preparing display monitor
2021-03-27 11:51:22,000:INFO:Preparing display monitor
2021-03-27 11:51:22,032:INFO:Importing libraries
2021-03-27 11:51:22,032:INFO:Copying data for preprocessing
2021-03-27 11:51:22,053:INFO:Declaring preprocessing parameters
2021-03-27 11:51:22,065:INFO:Creating preprocessing pipeline
2021-03-27 11:51:22,252:INFO:Preprocessing pipeline created successfully
2021-03-27 11:51:22,252:ERROR:(Process Exit): setup has been interupted with user command 'quit'. setup must rerun.
2021-03-27 11:51:22,252:INFO:Creating global containers
2021-03-27 11:51:22,255:INFO:Internal pipeline: Pipeline(memory=None, steps=[('empty_step', 'passthrough')], verbose=False)
2021-03-27 11:51:48,374:WARNING:Couldn't import xgboost.XGBClassifier
2021-03-27 11:51:48,375:WARNING:Couldn't import catboost.CatBoostClassifier
2021-03-27 11:51:48,493:WARNING:Couldn't import xgboost.XGBClassifier
2021-03-27 11:51:48,493:WARNING:Couldn't import catboost.CatBoostClassifier
2021-03-27 11:51:48,494:INFO:Creating grid variables
2021-03-27 11:51:48,534:INFO:create_model_container: 0
2021-03-27 11:51:48,535:INFO:master_model_container: 0
2021-03-27 11:51:48,536:INFO:display_container: 1
2021-03-27 11:51:48,545:INFO:Pipeline(memory=None,
         steps=[('dtypes',
                 DataTypes_Auto_infer(categorical_features=[],
                                      display_types=True, features_todrop=[],
                                      id_columns=[],
                                      ml_usecase='classification',
                                      numerical_features=[], target='cardio',
                                      time_features=[])),
                ('imputer',
                 Simple_Imputer(categorical_strategy='not_available',
                                fill_value_categorical=None,
                                fill_value_numerical=None,
                                numeric_strat...
                ('scaling', 'passthrough'), ('P_transform', 'passthrough'),
                ('binn', 'passthrough'), ('rem_outliers', 'passthrough'),
                ('cluster_all', 'passthrough'),
                ('dummy', Dummify(target='cardio')),
                ('fix_perfect', Remove_100(target='cardio')),
                ('clean_names', Clean_Colum_Names()),
                ('feature_select', 'passthrough'), ('fix_multi', 'passthrough'),
                ('dfs', 'passthrough'), ('pca', 'passthrough')],
         verbose=False)
2021-03-27 11:51:48,545:INFO:setup() succesfully completed......................................
2021-03-27 11:53:13,266:INFO:PyCaret Supervised Module
2021-03-27 11:53:13,266:INFO:ML Usecase: classification
2021-03-27 11:53:13,266:INFO:version 2.3.0
2021-03-27 11:53:13,267:INFO:Initializing setup()
2021-03-27 11:53:13,267:INFO:setup(target=cardio, ml_usecase=classification, available_plots={'parameter': 'Hyperparameters', 'auc': 'AUC', 'confusion_matrix': 'Confusion Matrix', 'threshold': 'Threshold', 'pr': 'Precision Recall', 'error': 'Prediction Error', 'class_report': 'Class Report', 'rfe': 'Feature Selection', 'learning': 'Learning Curve', 'manifold': 'Manifold Learning', 'calibration': 'Calibration Curve', 'vc': 'Validation Curve', 'dimension': 'Dimensions', 'feature': 'Feature Importance', 'feature_all': 'Feature Importance (All)', 'boundary': 'Decision Boundary', 'lift': 'Lift Chart', 'gain': 'Gain Chart', 'tree': 'Decision Tree'}, train_size=0.7, test_data=None, preprocess=True, imputation_type=simple, iterative_imputation_iters=5, categorical_features=None, categorical_imputation=constant, categorical_iterative_imputer=lightgbm, ordinal_features=None, high_cardinality_features=None, high_cardinality_method=frequency, numeric_features=None, numeric_imputation=mean, numeric_iterative_imputer=lightgbm, date_features=None, ignore_features=None, normalize=False, normalize_method=zscore, transformation=False, transformation_method=yeo-johnson, handle_unknown_categorical=True, unknown_categorical_method=least_frequent, pca=False, pca_method=linear, pca_components=None, ignore_low_variance=False, combine_rare_levels=False, rare_level_threshold=0.1, bin_numeric_features=None, remove_outliers=False, outliers_threshold=0.05, remove_multicollinearity=False, multicollinearity_threshold=0.9, remove_perfect_collinearity=True, create_clusters=False, cluster_iter=20, polynomial_features=False, polynomial_degree=2, trigonometry_features=False, polynomial_threshold=0.1, group_features=None, group_names=None, feature_selection=False, feature_selection_threshold=0.8, feature_selection_method=classic, feature_interaction=False, feature_ratio=False, interaction_threshold=0.01, fix_imbalance=False, fix_imbalance_method=None, transform_target=False, transform_target_method=box-cox, data_split_shuffle=True, data_split_stratify=False, fold_strategy=stratifiedkfold, fold=10, fold_shuffle=False, fold_groups=None, n_jobs=-1, use_gpu=False, custom_pipeline=None, html=True, session_id=None, log_experiment=False, experiment_name=None, log_plots=False, log_profile=False, log_data=False, silent=False, verbose=True, profile=False, profile_kwargs=None, display=None)
2021-03-27 11:53:13,268:INFO:Checking environment
2021-03-27 11:53:13,268:INFO:python_version: 3.8.8
2021-03-27 11:53:13,268:INFO:python_build: ('default', 'Feb 24 2021 21:46:12')
2021-03-27 11:53:13,268:INFO:machine: x86_64
2021-03-27 11:53:13,268:INFO:platform: Linux-5.8.0-48-generic-x86_64-with-glibc2.10
2021-03-27 11:53:13,268:INFO:Memory: svmem(total=12473307136, available=6916845568, percent=44.5, used=4618682368, free=3418877952, active=5587963904, inactive=2524868608, buffers=222244864, cached=4213501952, shared=606179328, slab=397156352)
2021-03-27 11:53:13,269:INFO:Physical Core: 2
2021-03-27 11:53:13,269:INFO:Logical Core: 4
2021-03-27 11:53:13,269:INFO:Checking libraries
2021-03-27 11:53:13,269:INFO:pd==1.2.3
2021-03-27 11:53:13,269:INFO:numpy==1.19.5
2021-03-27 11:53:13,269:INFO:sklearn==0.23.2
2021-03-27 11:53:13,269:INFO:lightgbm==3.2.0
2021-03-27 11:53:13,270:WARNING:catboost not found
2021-03-27 11:53:13,271:WARNING:xgboost not found
2021-03-27 11:53:13,271:INFO:mlflow==1.15.0
2021-03-27 11:53:13,271:INFO:Checking Exceptions
2021-03-27 11:53:13,271:INFO:Declaring global variables
2021-03-27 11:53:13,271:INFO:USI: 139f
2021-03-27 11:53:13,271:INFO:pycaret_globals: {'X', 'seed', 'USI', 'stratify_param', 'create_model_container', 'exp_name_log', 'logging_param', 'imputation_classifier', 'fold_shuffle_param', 'log_plots_param', 'prep_pipe', 'fix_imbalance_method_param', 'fold_param', '_internal_pipeline', 'fix_imbalance_param', '_ml_usecase', 'n_jobs_param', '_all_metrics', 'y', 'X_test', '_all_models', 'y_train', '_gpu_n_jobs_param', 'fold_groups_param', 'transform_target_param', 'display_container', 'data_before_preprocess', 'html_param', 'experiment__', 'fold_generator', 'master_model_container', 'gpu_param', 'iterative_imputation_iters_param', '_all_models_internal', 'target_param', 'imputation_regressor', 'transform_target_method_param', 'y_test', '_available_plots', 'X_train', 'pycaret_globals'}
2021-03-27 11:53:13,271:INFO:Preparing display monitor
2021-03-27 11:53:13,272:INFO:Preparing display monitor
2021-03-27 11:53:13,300:INFO:Importing libraries
2021-03-27 11:53:13,300:INFO:Copying data for preprocessing
2021-03-27 11:53:13,319:INFO:Declaring preprocessing parameters
2021-03-27 11:53:13,324:INFO:Creating preprocessing pipeline
2021-03-27 11:53:13,476:INFO:Preprocessing pipeline created successfully
2021-03-27 11:53:13,477:ERROR:(Process Exit): setup has been interupted with user command 'quit'. setup must rerun.
2021-03-27 11:53:13,477:INFO:Creating global containers
2021-03-27 11:53:13,477:INFO:Internal pipeline: Pipeline(memory=None, steps=[('empty_step', 'passthrough')], verbose=False)
2021-03-27 12:05:22,865:WARNING:Couldn't import xgboost.XGBClassifier
2021-03-27 12:05:22,866:WARNING:Couldn't import catboost.CatBoostClassifier
2021-03-27 12:05:22,985:WARNING:Couldn't import xgboost.XGBClassifier
2021-03-27 12:05:22,986:WARNING:Couldn't import catboost.CatBoostClassifier
2021-03-27 12:05:22,986:INFO:Creating grid variables
2021-03-27 12:05:23,013:INFO:create_model_container: 0
2021-03-27 12:05:23,013:INFO:master_model_container: 0
2021-03-27 12:05:23,014:INFO:display_container: 1
2021-03-27 12:05:23,023:INFO:Pipeline(memory=None,
         steps=[('dtypes',
                 DataTypes_Auto_infer(categorical_features=[],
                                      display_types=True, features_todrop=[],
                                      id_columns=[],
                                      ml_usecase='classification',
                                      numerical_features=[], target='cardio',
                                      time_features=[])),
                ('imputer',
                 Simple_Imputer(categorical_strategy='not_available',
                                fill_value_categorical=None,
                                fill_value_numerical=None,
                                numeric_strat...
                ('scaling', 'passthrough'), ('P_transform', 'passthrough'),
                ('binn', 'passthrough'), ('rem_outliers', 'passthrough'),
                ('cluster_all', 'passthrough'),
                ('dummy', Dummify(target='cardio')),
                ('fix_perfect', Remove_100(target='cardio')),
                ('clean_names', Clean_Colum_Names()),
                ('feature_select', 'passthrough'), ('fix_multi', 'passthrough'),
                ('dfs', 'passthrough'), ('pca', 'passthrough')],
         verbose=False)
2021-03-27 12:05:23,023:INFO:setup() succesfully completed......................................
2021-03-27 12:05:23,156:INFO:PyCaret Supervised Module
2021-03-27 12:05:23,156:INFO:ML Usecase: classification
2021-03-27 12:05:23,156:INFO:version 2.3.0
2021-03-27 12:05:23,156:INFO:Initializing setup()
2021-03-27 12:05:23,156:INFO:setup(target=cardio, ml_usecase=classification, available_plots={'parameter': 'Hyperparameters', 'auc': 'AUC', 'confusion_matrix': 'Confusion Matrix', 'threshold': 'Threshold', 'pr': 'Precision Recall', 'error': 'Prediction Error', 'class_report': 'Class Report', 'rfe': 'Feature Selection', 'learning': 'Learning Curve', 'manifold': 'Manifold Learning', 'calibration': 'Calibration Curve', 'vc': 'Validation Curve', 'dimension': 'Dimensions', 'feature': 'Feature Importance', 'feature_all': 'Feature Importance (All)', 'boundary': 'Decision Boundary', 'lift': 'Lift Chart', 'gain': 'Gain Chart', 'tree': 'Decision Tree'}, train_size=0.7, test_data=None, preprocess=True, imputation_type=simple, iterative_imputation_iters=5, categorical_features=None, categorical_imputation=constant, categorical_iterative_imputer=lightgbm, ordinal_features=None, high_cardinality_features=None, high_cardinality_method=frequency, numeric_features=None, numeric_imputation=mean, numeric_iterative_imputer=lightgbm, date_features=None, ignore_features=None, normalize=True, normalize_method=zscore, transformation=True, transformation_method=yeo-johnson, handle_unknown_categorical=True, unknown_categorical_method=least_frequent, pca=False, pca_method=linear, pca_components=None, ignore_low_variance=True, combine_rare_levels=False, rare_level_threshold=0.1, bin_numeric_features=['age', 'height', 'weight', 'ap_hi', 'ap_lo'], remove_outliers=False, outliers_threshold=0.05, remove_multicollinearity=True, multicollinearity_threshold=0.95, remove_perfect_collinearity=True, create_clusters=False, cluster_iter=20, polynomial_features=False, polynomial_degree=2, trigonometry_features=False, polynomial_threshold=0.1, group_features=[['gender', 'cholesterol', 'gluc', 'smoke', 'alco', 'active']], group_names=None, feature_selection=False, feature_selection_threshold=0.8, feature_selection_method=classic, feature_interaction=False, feature_ratio=False, interaction_threshold=0.01, fix_imbalance=False, fix_imbalance_method=None, transform_target=False, transform_target_method=box-cox, data_split_shuffle=True, data_split_stratify=False, fold_strategy=stratifiedkfold, fold=10, fold_shuffle=False, fold_groups=None, n_jobs=-1, use_gpu=False, custom_pipeline=None, html=True, session_id=None, log_experiment=True, experiment_name=cardio_disease, log_plots=False, log_profile=False, log_data=False, silent=False, verbose=True, profile=False, profile_kwargs=None, display=None)
2021-03-27 12:05:23,157:INFO:Checking environment
2021-03-27 12:05:23,157:INFO:python_version: 3.8.8
2021-03-27 12:05:23,157:INFO:python_build: ('default', 'Feb 24 2021 21:46:12')
2021-03-27 12:05:23,157:INFO:machine: x86_64
2021-03-27 12:05:23,157:INFO:platform: Linux-5.8.0-48-generic-x86_64-with-glibc2.10
2021-03-27 12:05:23,157:INFO:Memory: svmem(total=12473307136, available=6703681536, percent=46.3, used=4797816832, free=3156156416, active=5797298176, inactive=2585739264, buffers=227966976, cached=4291366912, shared=640208896, slab=402178048)
2021-03-27 12:05:23,158:INFO:Physical Core: 2
2021-03-27 12:05:23,159:INFO:Logical Core: 4
2021-03-27 12:05:23,159:INFO:Checking libraries
2021-03-27 12:05:23,159:INFO:pd==1.2.3
2021-03-27 12:05:23,159:INFO:numpy==1.19.5
2021-03-27 12:05:23,159:INFO:sklearn==0.23.2
2021-03-27 12:05:23,159:INFO:lightgbm==3.2.0
2021-03-27 12:05:23,159:WARNING:catboost not found
2021-03-27 12:05:23,160:WARNING:xgboost not found
2021-03-27 12:05:23,160:INFO:mlflow==1.15.0
2021-03-27 12:05:23,160:INFO:Checking Exceptions
2021-03-27 12:05:34,209:INFO:PyCaret Supervised Module
2021-03-27 12:05:34,209:INFO:ML Usecase: classification
2021-03-27 12:05:34,209:INFO:version 2.3.0
2021-03-27 12:05:34,209:INFO:Initializing setup()
2021-03-27 12:05:34,209:INFO:setup(target=cardio, ml_usecase=classification, available_plots={'parameter': 'Hyperparameters', 'auc': 'AUC', 'confusion_matrix': 'Confusion Matrix', 'threshold': 'Threshold', 'pr': 'Precision Recall', 'error': 'Prediction Error', 'class_report': 'Class Report', 'rfe': 'Feature Selection', 'learning': 'Learning Curve', 'manifold': 'Manifold Learning', 'calibration': 'Calibration Curve', 'vc': 'Validation Curve', 'dimension': 'Dimensions', 'feature': 'Feature Importance', 'feature_all': 'Feature Importance (All)', 'boundary': 'Decision Boundary', 'lift': 'Lift Chart', 'gain': 'Gain Chart', 'tree': 'Decision Tree'}, train_size=0.7, test_data=None, preprocess=True, imputation_type=simple, iterative_imputation_iters=5, categorical_features=None, categorical_imputation=constant, categorical_iterative_imputer=lightgbm, ordinal_features=None, high_cardinality_features=None, high_cardinality_method=frequency, numeric_features=None, numeric_imputation=mean, numeric_iterative_imputer=lightgbm, date_features=None, ignore_features=None, normalize=True, normalize_method=zscore, transformation=True, transformation_method=yeo-johnson, handle_unknown_categorical=True, unknown_categorical_method=least_frequent, pca=False, pca_method=linear, pca_components=None, ignore_low_variance=True, combine_rare_levels=False, rare_level_threshold=0.1, bin_numeric_features=['age', 'height', 'weight', 'ap_hi', 'ap_lo'], remove_outliers=False, outliers_threshold=0.05, remove_multicollinearity=True, multicollinearity_threshold=0.95, remove_perfect_collinearity=True, create_clusters=False, cluster_iter=20, polynomial_features=False, polynomial_degree=2, trigonometry_features=False, polynomial_threshold=0.1, group_features=[['gender', 'cholesterol', 'gluc', 'smoke', 'alco', 'active']], group_names=None, feature_selection=False, feature_selection_threshold=0.8, feature_selection_method=classic, feature_interaction=False, feature_ratio=False, interaction_threshold=0.01, fix_imbalance=False, fix_imbalance_method=None, transform_target=False, transform_target_method=box-cox, data_split_shuffle=True, data_split_stratify=False, fold_strategy=stratifiedkfold, fold=10, fold_shuffle=False, fold_groups=None, n_jobs=-1, use_gpu=False, custom_pipeline=None, html=True, session_id=None, log_experiment=True, experiment_name=cardio_disease, log_plots=False, log_profile=False, log_data=False, silent=False, verbose=True, profile=False, profile_kwargs=None, display=None)
2021-03-27 12:05:34,209:INFO:Checking environment
2021-03-27 12:05:34,209:INFO:python_version: 3.8.8
2021-03-27 12:05:34,210:INFO:python_build: ('default', 'Feb 24 2021 21:46:12')
2021-03-27 12:05:34,210:INFO:machine: x86_64
2021-03-27 12:05:34,210:INFO:platform: Linux-5.8.0-48-generic-x86_64-with-glibc2.10
2021-03-27 12:05:34,210:INFO:Memory: svmem(total=12473307136, available=6755983360, percent=45.8, used=4761325568, free=3205570560, active=5761286144, inactive=2580946944, buffers=230060032, cached=4276350976, shared=624398336, slab=402894848)
2021-03-27 12:05:34,211:INFO:Physical Core: 2
2021-03-27 12:05:34,212:INFO:Logical Core: 4
2021-03-27 12:05:34,212:INFO:Checking libraries
2021-03-27 12:05:34,212:INFO:pd==1.2.3
2021-03-27 12:05:34,212:INFO:numpy==1.19.5
2021-03-27 12:05:34,212:INFO:sklearn==0.23.2
2021-03-27 12:05:34,212:INFO:lightgbm==3.2.0
2021-03-27 12:05:34,213:WARNING:catboost not found
2021-03-27 12:05:34,213:WARNING:xgboost not found
2021-03-27 12:05:34,214:INFO:mlflow==1.15.0
2021-03-27 12:05:34,214:INFO:Checking Exceptions
2021-03-27 12:08:58,607:INFO:Initializing compare_models()
2021-03-27 12:08:58,607:INFO:compare_models(include=None, fold=None, round=4, cross_validation=True, sort=F1, n_select=1, budget_time=None, turbo=True, errors=ignore, fit_kwargs=None, groups=None, verbose=True, display=None, exclude=None)
2021-03-27 12:08:58,607:INFO:Checking exceptions
2021-03-27 12:08:58,610:INFO:Preparing display monitor
2021-03-27 12:08:58,610:INFO:Preparing display monitor
2021-03-27 12:08:58,664:INFO:Initializing Logistic Regression
2021-03-27 12:08:58,664:INFO:Total runtime is 3.063678741455078e-06 minutes
2021-03-27 12:08:58,679:INFO:SubProcess create_model() called ==================================
2021-03-27 12:08:58,680:INFO:Initializing create_model()
2021-03-27 12:08:58,680:INFO:create_model(estimator=lr, fold=StratifiedKFold(n_splits=10, random_state=None, shuffle=False), round=4, cross_validation=True, predict=True, fit_kwargs={}, groups=None, refit=False, verbose=False, system=False, metrics=None, display=<pycaret.internal.Display.Display object at 0x7fbd1b5c10a0>, kwargs={})
2021-03-27 12:08:58,680:INFO:Checking exceptions
2021-03-27 12:08:58,680:INFO:Importing libraries
2021-03-27 12:08:58,680:INFO:Copying training dataset
2021-03-27 12:08:58,683:INFO:Defining folds
2021-03-27 12:08:58,683:INFO:Declaring metric variables
2021-03-27 12:08:58,698:INFO:Importing untrained model
2021-03-27 12:08:58,712:INFO:Logistic Regression Imported succesfully
2021-03-27 12:08:58,739:INFO:Starting cross validation
2021-03-27 12:08:58,740:INFO:Cross validating with StratifiedKFold(n_splits=10, random_state=None, shuffle=False), n_jobs=-1
2021-03-27 12:09:26,141:INFO:Calculating mean and std
2021-03-27 12:09:26,145:INFO:Creating metrics dataframe
2021-03-27 12:09:26,156:INFO:Uploading results into container
2021-03-27 12:09:26,156:INFO:Uploading model into container now
2021-03-27 12:09:26,157:INFO:create_model_container: 1
2021-03-27 12:09:26,157:INFO:master_model_container: 1
2021-03-27 12:09:26,157:INFO:display_container: 2
2021-03-27 12:09:26,157:INFO:LogisticRegression(C=1.0, class_weight=None, dual=False, fit_intercept=True,
                   intercept_scaling=1, l1_ratio=None, max_iter=1000,
                   multi_class='auto', n_jobs=None, penalty='l2',
                   random_state=8659, solver='lbfgs', tol=0.0001, verbose=0,
                   warm_start=False)
2021-03-27 12:09:26,158:INFO:create_model() succesfully completed......................................
2021-03-27 12:09:26,294:INFO:SubProcess create_model() end ==================================
2021-03-27 12:09:26,294:INFO:Creating metrics dataframe
2021-03-27 12:09:26,325:INFO:Initializing K Neighbors Classifier
2021-03-27 12:09:26,325:INFO:Total runtime is 0.46101251840591434 minutes
2021-03-27 12:09:26,342:INFO:SubProcess create_model() called ==================================
2021-03-27 12:09:26,342:INFO:Initializing create_model()
2021-03-27 12:09:26,342:INFO:create_model(estimator=knn, fold=StratifiedKFold(n_splits=10, random_state=None, shuffle=False), round=4, cross_validation=True, predict=True, fit_kwargs={}, groups=None, refit=False, verbose=False, system=False, metrics=None, display=<pycaret.internal.Display.Display object at 0x7fbd1b5c10a0>, kwargs={})
2021-03-27 12:09:26,342:INFO:Checking exceptions
2021-03-27 12:09:26,343:INFO:Importing libraries
2021-03-27 12:09:26,343:INFO:Copying training dataset
2021-03-27 12:09:26,345:INFO:Defining folds
2021-03-27 12:09:26,345:INFO:Declaring metric variables
2021-03-27 12:09:26,363:INFO:Importing untrained model
2021-03-27 12:09:26,376:INFO:K Neighbors Classifier Imported succesfully
2021-03-27 12:09:26,416:INFO:Starting cross validation
2021-03-27 12:09:26,417:INFO:Cross validating with StratifiedKFold(n_splits=10, random_state=None, shuffle=False), n_jobs=-1
2021-03-27 12:09:44,332:INFO:Calculating mean and std
2021-03-27 12:09:44,336:INFO:Creating metrics dataframe
2021-03-27 12:09:44,346:INFO:Uploading results into container
2021-03-27 12:09:44,346:INFO:Uploading model into container now
2021-03-27 12:09:44,346:INFO:create_model_container: 2
2021-03-27 12:09:44,347:INFO:master_model_container: 2
2021-03-27 12:09:44,347:INFO:display_container: 2
2021-03-27 12:09:44,347:INFO:KNeighborsClassifier(algorithm='auto', leaf_size=30, metric='minkowski',
                     metric_params=None, n_jobs=-1, n_neighbors=5, p=2,
                     weights='uniform')
2021-03-27 12:09:44,347:INFO:create_model() succesfully completed......................................
2021-03-27 12:09:44,456:INFO:SubProcess create_model() end ==================================
2021-03-27 12:09:44,456:INFO:Creating metrics dataframe
2021-03-27 12:09:44,481:INFO:Initializing Naive Bayes
2021-03-27 12:09:44,482:INFO:Total runtime is 0.76362624168396 minutes
2021-03-27 12:09:44,496:INFO:SubProcess create_model() called ==================================
2021-03-27 12:09:44,496:INFO:Initializing create_model()
2021-03-27 12:09:44,496:INFO:create_model(estimator=nb, fold=StratifiedKFold(n_splits=10, random_state=None, shuffle=False), round=4, cross_validation=True, predict=True, fit_kwargs={}, groups=None, refit=False, verbose=False, system=False, metrics=None, display=<pycaret.internal.Display.Display object at 0x7fbd1b5c10a0>, kwargs={})
2021-03-27 12:09:44,496:INFO:Checking exceptions
2021-03-27 12:09:44,496:INFO:Importing libraries
2021-03-27 12:09:44,497:INFO:Copying training dataset
2021-03-27 12:09:44,498:INFO:Defining folds
2021-03-27 12:09:44,498:INFO:Declaring metric variables
2021-03-27 12:09:44,512:INFO:Importing untrained model
2021-03-27 12:09:44,527:INFO:Naive Bayes Imported succesfully
2021-03-27 12:09:44,568:INFO:Starting cross validation
2021-03-27 12:09:44,569:INFO:Cross validating with StratifiedKFold(n_splits=10, random_state=None, shuffle=False), n_jobs=-1
2021-03-27 12:09:45,003:INFO:Calculating mean and std
2021-03-27 12:09:45,006:INFO:Creating metrics dataframe
2021-03-27 12:09:45,015:INFO:Uploading results into container
2021-03-27 12:09:45,015:INFO:Uploading model into container now
2021-03-27 12:09:45,015:INFO:create_model_container: 3
2021-03-27 12:09:45,016:INFO:master_model_container: 3
2021-03-27 12:09:45,016:INFO:display_container: 2
2021-03-27 12:09:45,016:INFO:GaussianNB(priors=None, var_smoothing=1e-09)
2021-03-27 12:09:45,016:INFO:create_model() succesfully completed......................................
2021-03-27 12:09:45,131:INFO:SubProcess create_model() end ==================================
2021-03-27 12:09:45,131:INFO:Creating metrics dataframe
2021-03-27 12:09:45,157:INFO:Initializing Decision Tree Classifier
2021-03-27 12:09:45,157:INFO:Total runtime is 0.7748888929684957 minutes
2021-03-27 12:09:45,173:INFO:SubProcess create_model() called ==================================
2021-03-27 12:09:45,174:INFO:Initializing create_model()
2021-03-27 12:09:45,174:INFO:create_model(estimator=dt, fold=StratifiedKFold(n_splits=10, random_state=None, shuffle=False), round=4, cross_validation=True, predict=True, fit_kwargs={}, groups=None, refit=False, verbose=False, system=False, metrics=None, display=<pycaret.internal.Display.Display object at 0x7fbd1b5c10a0>, kwargs={})
2021-03-27 12:09:45,174:INFO:Checking exceptions
2021-03-27 12:09:45,175:INFO:Importing libraries
2021-03-27 12:09:45,175:INFO:Copying training dataset
2021-03-27 12:09:45,177:INFO:Defining folds
2021-03-27 12:09:45,177:INFO:Declaring metric variables
2021-03-27 12:09:45,191:INFO:Importing untrained model
2021-03-27 12:09:45,211:INFO:Decision Tree Classifier Imported succesfully
2021-03-27 12:09:45,248:INFO:Starting cross validation
2021-03-27 12:09:45,249:INFO:Cross validating with StratifiedKFold(n_splits=10, random_state=None, shuffle=False), n_jobs=-1
2021-03-27 12:09:46,716:INFO:Calculating mean and std
2021-03-27 12:09:46,719:INFO:Creating metrics dataframe
2021-03-27 12:09:46,729:INFO:Uploading results into container
2021-03-27 12:09:46,730:INFO:Uploading model into container now
2021-03-27 12:09:46,730:INFO:create_model_container: 4
2021-03-27 12:09:46,730:INFO:master_model_container: 4
2021-03-27 12:09:46,730:INFO:display_container: 2
2021-03-27 12:09:46,730:INFO:DecisionTreeClassifier(ccp_alpha=0.0, class_weight=None, criterion='gini',
                       max_depth=None, max_features=None, max_leaf_nodes=None,
                       min_impurity_decrease=0.0, min_impurity_split=None,
                       min_samples_leaf=1, min_samples_split=2,
                       min_weight_fraction_leaf=0.0, presort='deprecated',
                       random_state=8659, splitter='best')
2021-03-27 12:09:46,730:INFO:create_model() succesfully completed......................................
2021-03-27 12:09:46,828:INFO:SubProcess create_model() end ==================================
2021-03-27 12:09:46,828:INFO:Creating metrics dataframe
2021-03-27 12:09:46,872:INFO:Initializing SVM - Linear Kernel
2021-03-27 12:09:46,873:INFO:Total runtime is 0.8034755945205689 minutes
2021-03-27 12:09:46,889:INFO:SubProcess create_model() called ==================================
2021-03-27 12:09:46,890:INFO:Initializing create_model()
2021-03-27 12:09:46,890:INFO:create_model(estimator=svm, fold=StratifiedKFold(n_splits=10, random_state=None, shuffle=False), round=4, cross_validation=True, predict=True, fit_kwargs={}, groups=None, refit=False, verbose=False, system=False, metrics=None, display=<pycaret.internal.Display.Display object at 0x7fbd1b5c10a0>, kwargs={})
2021-03-27 12:09:46,890:INFO:Checking exceptions
2021-03-27 12:09:46,890:INFO:Importing libraries
2021-03-27 12:09:46,891:INFO:Copying training dataset
2021-03-27 12:09:46,893:INFO:Defining folds
2021-03-27 12:09:46,894:INFO:Declaring metric variables
2021-03-27 12:09:46,906:INFO:Importing untrained model
2021-03-27 12:09:46,928:INFO:SVM - Linear Kernel Imported succesfully
2021-03-27 12:09:46,971:INFO:Starting cross validation
2021-03-27 12:09:46,972:INFO:Cross validating with StratifiedKFold(n_splits=10, random_state=None, shuffle=False), n_jobs=-1
2021-03-27 12:09:48,888:INFO:Calculating mean and std
2021-03-27 12:09:48,891:INFO:Creating metrics dataframe
2021-03-27 12:09:48,902:INFO:Uploading results into container
2021-03-27 12:09:48,902:INFO:Uploading model into container now
2021-03-27 12:09:48,902:INFO:create_model_container: 5
2021-03-27 12:09:48,902:INFO:master_model_container: 5
2021-03-27 12:09:48,902:INFO:display_container: 2
2021-03-27 12:09:48,902:INFO:SGDClassifier(alpha=0.0001, average=False, class_weight=None,
              early_stopping=False, epsilon=0.1, eta0=0.001, fit_intercept=True,
              l1_ratio=0.15, learning_rate='optimal', loss='hinge',
              max_iter=1000, n_iter_no_change=5, n_jobs=-1, penalty='l2',
              power_t=0.5, random_state=8659, shuffle=True, tol=0.001,
              validation_fraction=0.1, verbose=0, warm_start=False)
2021-03-27 12:09:48,903:INFO:create_model() succesfully completed......................................
2021-03-27 12:09:49,000:INFO:SubProcess create_model() end ==================================
2021-03-27 12:09:49,000:INFO:Creating metrics dataframe
2021-03-27 12:09:49,038:INFO:Initializing Ridge Classifier
2021-03-27 12:09:49,038:INFO:Total runtime is 0.839564045270284 minutes
2021-03-27 12:09:49,055:INFO:SubProcess create_model() called ==================================
2021-03-27 12:09:49,056:INFO:Initializing create_model()
2021-03-27 12:09:49,056:INFO:create_model(estimator=ridge, fold=StratifiedKFold(n_splits=10, random_state=None, shuffle=False), round=4, cross_validation=True, predict=True, fit_kwargs={}, groups=None, refit=False, verbose=False, system=False, metrics=None, display=<pycaret.internal.Display.Display object at 0x7fbd1b5c10a0>, kwargs={})
2021-03-27 12:09:49,056:INFO:Checking exceptions
2021-03-27 12:09:49,056:INFO:Importing libraries
2021-03-27 12:09:49,056:INFO:Copying training dataset
2021-03-27 12:09:49,059:INFO:Defining folds
2021-03-27 12:09:49,059:INFO:Declaring metric variables
2021-03-27 12:09:49,073:INFO:Importing untrained model
2021-03-27 12:09:49,091:INFO:Ridge Classifier Imported succesfully
2021-03-27 12:09:49,124:INFO:Starting cross validation
2021-03-27 12:09:49,125:INFO:Cross validating with StratifiedKFold(n_splits=10, random_state=None, shuffle=False), n_jobs=-1
2021-03-27 12:09:49,557:INFO:Calculating mean and std
2021-03-27 12:09:49,560:INFO:Creating metrics dataframe
2021-03-27 12:09:49,570:INFO:Uploading results into container
2021-03-27 12:09:49,570:INFO:Uploading model into container now
2021-03-27 12:09:49,570:INFO:create_model_container: 6
2021-03-27 12:09:49,570:INFO:master_model_container: 6
2021-03-27 12:09:49,570:INFO:display_container: 2
2021-03-27 12:09:49,571:INFO:RidgeClassifier(alpha=1.0, class_weight=None, copy_X=True, fit_intercept=True,
                max_iter=None, normalize=False, random_state=8659,
                solver='auto', tol=0.001)
2021-03-27 12:09:49,571:INFO:create_model() succesfully completed......................................
2021-03-27 12:09:49,667:INFO:SubProcess create_model() end ==================================
2021-03-27 12:09:49,667:INFO:Creating metrics dataframe
2021-03-27 12:09:49,706:INFO:Initializing Random Forest Classifier
2021-03-27 12:09:49,707:INFO:Total runtime is 0.8507088979085287 minutes
2021-03-27 12:09:49,728:INFO:SubProcess create_model() called ==================================
2021-03-27 12:09:49,728:INFO:Initializing create_model()
2021-03-27 12:09:49,728:INFO:create_model(estimator=rf, fold=StratifiedKFold(n_splits=10, random_state=None, shuffle=False), round=4, cross_validation=True, predict=True, fit_kwargs={}, groups=None, refit=False, verbose=False, system=False, metrics=None, display=<pycaret.internal.Display.Display object at 0x7fbd1b5c10a0>, kwargs={})
2021-03-27 12:09:49,728:INFO:Checking exceptions
2021-03-27 12:09:49,729:INFO:Importing libraries
2021-03-27 12:09:49,729:INFO:Copying training dataset
2021-03-27 12:09:49,730:INFO:Defining folds
2021-03-27 12:09:49,730:INFO:Declaring metric variables
2021-03-27 12:09:49,743:INFO:Importing untrained model
2021-03-27 12:09:49,762:INFO:Random Forest Classifier Imported succesfully
2021-03-27 12:09:49,800:INFO:Starting cross validation
2021-03-27 12:09:49,801:INFO:Cross validating with StratifiedKFold(n_splits=10, random_state=None, shuffle=False), n_jobs=-1
2021-03-27 12:10:16,774:INFO:Calculating mean and std
2021-03-27 12:10:16,777:INFO:Creating metrics dataframe
2021-03-27 12:10:16,787:INFO:Uploading results into container
2021-03-27 12:10:16,787:INFO:Uploading model into container now
2021-03-27 12:10:16,787:INFO:create_model_container: 7
2021-03-27 12:10:16,787:INFO:master_model_container: 7
2021-03-27 12:10:16,787:INFO:display_container: 2
2021-03-27 12:10:16,788:INFO:RandomForestClassifier(bootstrap=True, ccp_alpha=0.0, class_weight=None,
                       criterion='gini', max_depth=None, max_features='auto',
                       max_leaf_nodes=None, max_samples=None,
                       min_impurity_decrease=0.0, min_impurity_split=None,
                       min_samples_leaf=1, min_samples_split=2,
                       min_weight_fraction_leaf=0.0, n_estimators=100,
                       n_jobs=-1, oob_score=False, random_state=8659, verbose=0,
                       warm_start=False)
2021-03-27 12:10:16,788:INFO:create_model() succesfully completed......................................
2021-03-27 12:10:16,900:INFO:SubProcess create_model() end ==================================
2021-03-27 12:10:16,900:INFO:Creating metrics dataframe
2021-03-27 12:10:16,929:INFO:Initializing Quadratic Discriminant Analysis
2021-03-27 12:10:16,930:INFO:Total runtime is 1.3044243693351745 minutes
2021-03-27 12:10:16,943:INFO:SubProcess create_model() called ==================================
2021-03-27 12:10:16,943:INFO:Initializing create_model()
2021-03-27 12:10:16,943:INFO:create_model(estimator=qda, fold=StratifiedKFold(n_splits=10, random_state=None, shuffle=False), round=4, cross_validation=True, predict=True, fit_kwargs={}, groups=None, refit=False, verbose=False, system=False, metrics=None, display=<pycaret.internal.Display.Display object at 0x7fbd1b5c10a0>, kwargs={})
2021-03-27 12:10:16,943:INFO:Checking exceptions
2021-03-27 12:10:16,943:INFO:Importing libraries
2021-03-27 12:10:16,944:INFO:Copying training dataset
2021-03-27 12:10:16,945:INFO:Defining folds
2021-03-27 12:10:16,945:INFO:Declaring metric variables
2021-03-27 12:10:16,958:INFO:Importing untrained model
2021-03-27 12:10:16,970:INFO:Quadratic Discriminant Analysis Imported succesfully
2021-03-27 12:10:17,008:INFO:Starting cross validation
2021-03-27 12:10:17,009:INFO:Cross validating with StratifiedKFold(n_splits=10, random_state=None, shuffle=False), n_jobs=-1
2021-03-27 12:10:17,667:INFO:Calculating mean and std
2021-03-27 12:10:17,670:INFO:Creating metrics dataframe
2021-03-27 12:10:17,678:INFO:Uploading results into container
2021-03-27 12:10:17,679:INFO:Uploading model into container now
2021-03-27 12:10:17,679:INFO:create_model_container: 8
2021-03-27 12:10:17,679:INFO:master_model_container: 8
2021-03-27 12:10:17,679:INFO:display_container: 2
2021-03-27 12:10:17,679:INFO:QuadraticDiscriminantAnalysis(priors=None, reg_param=0.0,
                              store_covariance=False, tol=0.0001)
2021-03-27 12:10:17,680:INFO:create_model() succesfully completed......................................
2021-03-27 12:10:17,788:INFO:SubProcess create_model() end ==================================
2021-03-27 12:10:17,788:INFO:Creating metrics dataframe
2021-03-27 12:10:17,819:INFO:Initializing Ada Boost Classifier
2021-03-27 12:10:17,819:INFO:Total runtime is 1.3192481120427448 minutes
2021-03-27 12:10:17,834:INFO:SubProcess create_model() called ==================================
2021-03-27 12:10:17,835:INFO:Initializing create_model()
2021-03-27 12:10:17,835:INFO:create_model(estimator=ada, fold=StratifiedKFold(n_splits=10, random_state=None, shuffle=False), round=4, cross_validation=True, predict=True, fit_kwargs={}, groups=None, refit=False, verbose=False, system=False, metrics=None, display=<pycaret.internal.Display.Display object at 0x7fbd1b5c10a0>, kwargs={})
2021-03-27 12:10:17,835:INFO:Checking exceptions
2021-03-27 12:10:17,835:INFO:Importing libraries
2021-03-27 12:10:17,836:INFO:Copying training dataset
2021-03-27 12:10:17,838:INFO:Defining folds
2021-03-27 12:10:17,839:INFO:Declaring metric variables
2021-03-27 12:10:17,852:INFO:Importing untrained model
2021-03-27 12:10:17,869:INFO:Ada Boost Classifier Imported succesfully
2021-03-27 12:10:17,913:INFO:Starting cross validation
2021-03-27 12:10:17,914:INFO:Cross validating with StratifiedKFold(n_splits=10, random_state=None, shuffle=False), n_jobs=-1
2021-03-27 12:10:24,523:INFO:Calculating mean and std
2021-03-27 12:10:24,526:INFO:Creating metrics dataframe
2021-03-27 12:10:24,535:INFO:Uploading results into container
2021-03-27 12:10:24,535:INFO:Uploading model into container now
2021-03-27 12:10:24,535:INFO:create_model_container: 9
2021-03-27 12:10:24,535:INFO:master_model_container: 9
2021-03-27 12:10:24,535:INFO:display_container: 2
2021-03-27 12:10:24,535:INFO:AdaBoostClassifier(algorithm='SAMME.R', base_estimator=None, learning_rate=1.0,
                   n_estimators=50, random_state=8659)
2021-03-27 12:10:24,535:INFO:create_model() succesfully completed......................................
2021-03-27 12:10:24,632:INFO:SubProcess create_model() end ==================================
2021-03-27 12:10:24,632:INFO:Creating metrics dataframe
2021-03-27 12:10:24,686:INFO:Initializing Gradient Boosting Classifier
2021-03-27 12:10:24,686:INFO:Total runtime is 1.4337050278981525 minutes
2021-03-27 12:10:24,706:INFO:SubProcess create_model() called ==================================
2021-03-27 12:10:24,707:INFO:Initializing create_model()
2021-03-27 12:10:24,707:INFO:create_model(estimator=gbc, fold=StratifiedKFold(n_splits=10, random_state=None, shuffle=False), round=4, cross_validation=True, predict=True, fit_kwargs={}, groups=None, refit=False, verbose=False, system=False, metrics=None, display=<pycaret.internal.Display.Display object at 0x7fbd1b5c10a0>, kwargs={})
2021-03-27 12:10:24,707:INFO:Checking exceptions
2021-03-27 12:10:24,707:INFO:Importing libraries
2021-03-27 12:10:24,707:INFO:Copying training dataset
2021-03-27 12:10:24,710:INFO:Defining folds
2021-03-27 12:10:24,711:INFO:Declaring metric variables
2021-03-27 12:10:24,732:INFO:Importing untrained model
2021-03-27 12:10:24,760:INFO:Gradient Boosting Classifier Imported succesfully
2021-03-27 12:10:24,800:INFO:Starting cross validation
2021-03-27 12:10:24,802:INFO:Cross validating with StratifiedKFold(n_splits=10, random_state=None, shuffle=False), n_jobs=-1
2021-03-27 12:10:49,345:INFO:Calculating mean and std
2021-03-27 12:10:49,346:INFO:Creating metrics dataframe
2021-03-27 12:10:49,353:INFO:Uploading results into container
2021-03-27 12:10:49,353:INFO:Uploading model into container now
2021-03-27 12:10:49,353:INFO:create_model_container: 10
2021-03-27 12:10:49,354:INFO:master_model_container: 10
2021-03-27 12:10:49,354:INFO:display_container: 2
2021-03-27 12:10:49,355:INFO:GradientBoostingClassifier(ccp_alpha=0.0, criterion='friedman_mse', init=None,
                           learning_rate=0.1, loss='deviance', max_depth=3,
                           max_features=None, max_leaf_nodes=None,
                           min_impurity_decrease=0.0, min_impurity_split=None,
                           min_samples_leaf=1, min_samples_split=2,
                           min_weight_fraction_leaf=0.0, n_estimators=100,
                           n_iter_no_change=None, presort='deprecated',
                           random_state=8659, subsample=1.0, tol=0.0001,
                           validation_fraction=0.1, verbose=0,
                           warm_start=False)
2021-03-27 12:10:49,355:INFO:create_model() succesfully completed......................................
2021-03-27 12:10:49,451:INFO:SubProcess create_model() end ==================================
2021-03-27 12:10:49,452:INFO:Creating metrics dataframe
2021-03-27 12:10:49,483:INFO:Initializing Linear Discriminant Analysis
2021-03-27 12:10:49,483:INFO:Total runtime is 1.8469849944114682 minutes
2021-03-27 12:10:49,498:INFO:SubProcess create_model() called ==================================
2021-03-27 12:10:49,498:INFO:Initializing create_model()
2021-03-27 12:10:49,499:INFO:create_model(estimator=lda, fold=StratifiedKFold(n_splits=10, random_state=None, shuffle=False), round=4, cross_validation=True, predict=True, fit_kwargs={}, groups=None, refit=False, verbose=False, system=False, metrics=None, display=<pycaret.internal.Display.Display object at 0x7fbd1b5c10a0>, kwargs={})
2021-03-27 12:10:49,499:INFO:Checking exceptions
2021-03-27 12:10:49,499:INFO:Importing libraries
2021-03-27 12:10:49,499:INFO:Copying training dataset
2021-03-27 12:10:49,502:INFO:Defining folds
2021-03-27 12:10:49,502:INFO:Declaring metric variables
2021-03-27 12:10:49,514:INFO:Importing untrained model
2021-03-27 12:10:49,526:INFO:Linear Discriminant Analysis Imported succesfully
2021-03-27 12:10:49,553:INFO:Starting cross validation
2021-03-27 12:10:49,553:INFO:Cross validating with StratifiedKFold(n_splits=10, random_state=None, shuffle=False), n_jobs=-1
2021-03-27 12:10:50,784:INFO:Calculating mean and std
2021-03-27 12:10:50,786:INFO:Creating metrics dataframe
2021-03-27 12:10:50,797:INFO:Uploading results into container
2021-03-27 12:10:50,798:INFO:Uploading model into container now
2021-03-27 12:10:50,798:INFO:create_model_container: 11
2021-03-27 12:10:50,798:INFO:master_model_container: 11
2021-03-27 12:10:50,798:INFO:display_container: 2
2021-03-27 12:10:50,799:INFO:LinearDiscriminantAnalysis(n_components=None, priors=None, shrinkage=None,
                           solver='svd', store_covariance=False, tol=0.0001)
2021-03-27 12:10:50,799:INFO:create_model() succesfully completed......................................
2021-03-27 12:10:50,932:INFO:SubProcess create_model() end ==================================
2021-03-27 12:10:50,932:INFO:Creating metrics dataframe
2021-03-27 12:10:50,982:INFO:Initializing Extra Trees Classifier
2021-03-27 12:10:50,982:INFO:Total runtime is 1.8719698707262673 minutes
2021-03-27 12:10:51,000:INFO:SubProcess create_model() called ==================================
2021-03-27 12:10:51,001:INFO:Initializing create_model()
2021-03-27 12:10:51,001:INFO:create_model(estimator=et, fold=StratifiedKFold(n_splits=10, random_state=None, shuffle=False), round=4, cross_validation=True, predict=True, fit_kwargs={}, groups=None, refit=False, verbose=False, system=False, metrics=None, display=<pycaret.internal.Display.Display object at 0x7fbd1b5c10a0>, kwargs={})
2021-03-27 12:10:51,001:INFO:Checking exceptions
2021-03-27 12:10:51,001:INFO:Importing libraries
2021-03-27 12:10:51,001:INFO:Copying training dataset
2021-03-27 12:10:51,004:INFO:Defining folds
2021-03-27 12:10:51,004:INFO:Declaring metric variables
2021-03-27 12:10:51,021:INFO:Importing untrained model
2021-03-27 12:10:51,038:INFO:Extra Trees Classifier Imported succesfully
2021-03-27 12:10:51,080:INFO:Starting cross validation
2021-03-27 12:10:51,081:INFO:Cross validating with StratifiedKFold(n_splits=10, random_state=None, shuffle=False), n_jobs=-1
2021-03-27 12:11:22,878:INFO:Calculating mean and std
2021-03-27 12:11:22,881:INFO:Creating metrics dataframe
2021-03-27 12:11:22,891:INFO:Uploading results into container
2021-03-27 12:11:22,891:INFO:Uploading model into container now
2021-03-27 12:11:22,891:INFO:create_model_container: 12
2021-03-27 12:11:22,891:INFO:master_model_container: 12
2021-03-27 12:11:22,891:INFO:display_container: 2
2021-03-27 12:11:22,892:INFO:ExtraTreesClassifier(bootstrap=False, ccp_alpha=0.0, class_weight=None,
                     criterion='gini', max_depth=None, max_features='auto',
                     max_leaf_nodes=None, max_samples=None,
                     min_impurity_decrease=0.0, min_impurity_split=None,
                     min_samples_leaf=1, min_samples_split=2,
                     min_weight_fraction_leaf=0.0, n_estimators=100, n_jobs=-1,
                     oob_score=False, random_state=8659, verbose=0,
                     warm_start=False)
2021-03-27 12:11:22,892:INFO:create_model() succesfully completed......................................
2021-03-27 12:11:23,003:INFO:SubProcess create_model() end ==================================
2021-03-27 12:11:23,003:INFO:Creating metrics dataframe
2021-03-27 12:11:23,036:INFO:Initializing Light Gradient Boosting Machine
2021-03-27 12:11:23,036:INFO:Total runtime is 2.4061994194984435 minutes
2021-03-27 12:11:23,054:INFO:SubProcess create_model() called ==================================
2021-03-27 12:11:23,054:INFO:Initializing create_model()
2021-03-27 12:11:23,055:INFO:create_model(estimator=lightgbm, fold=StratifiedKFold(n_splits=10, random_state=None, shuffle=False), round=4, cross_validation=True, predict=True, fit_kwargs={}, groups=None, refit=False, verbose=False, system=False, metrics=None, display=<pycaret.internal.Display.Display object at 0x7fbd1b5c10a0>, kwargs={})
2021-03-27 12:11:23,055:INFO:Checking exceptions
2021-03-27 12:11:23,055:INFO:Importing libraries
2021-03-27 12:11:23,055:INFO:Copying training dataset
2021-03-27 12:11:23,057:INFO:Defining folds
2021-03-27 12:11:23,058:INFO:Declaring metric variables
2021-03-27 12:11:23,078:INFO:Importing untrained model
2021-03-27 12:11:23,095:INFO:Light Gradient Boosting Machine Imported succesfully
2021-03-27 12:11:23,141:INFO:Starting cross validation
2021-03-27 12:11:23,143:INFO:Cross validating with StratifiedKFold(n_splits=10, random_state=None, shuffle=False), n_jobs=-1
2021-03-27 12:11:27,209:INFO:Calculating mean and std
2021-03-27 12:11:27,212:INFO:Creating metrics dataframe
2021-03-27 12:11:27,222:INFO:Uploading results into container
2021-03-27 12:11:27,222:INFO:Uploading model into container now
2021-03-27 12:11:27,222:INFO:create_model_container: 13
2021-03-27 12:11:27,222:INFO:master_model_container: 13
2021-03-27 12:11:27,223:INFO:display_container: 2
2021-03-27 12:11:27,223:INFO:LGBMClassifier(boosting_type='gbdt', class_weight=None, colsample_bytree=1.0,
               importance_type='split', learning_rate=0.1, max_depth=-1,
               min_child_samples=20, min_child_weight=0.001, min_split_gain=0.0,
               n_estimators=100, n_jobs=-1, num_leaves=31, objective=None,
               random_state=8659, reg_alpha=0.0, reg_lambda=0.0, silent=True,
               subsample=1.0, subsample_for_bin=200000, subsample_freq=0)
2021-03-27 12:11:27,224:INFO:create_model() succesfully completed......................................
2021-03-27 12:11:27,339:INFO:SubProcess create_model() end ==================================
2021-03-27 12:11:27,339:INFO:Creating metrics dataframe
2021-03-27 12:11:27,407:INFO:Initializing create_model()
2021-03-27 12:11:27,408:INFO:create_model(estimator=LGBMClassifier(boosting_type='gbdt', class_weight=None, colsample_bytree=1.0,
               importance_type='split', learning_rate=0.1, max_depth=-1,
               min_child_samples=20, min_child_weight=0.001, min_split_gain=0.0,
               n_estimators=100, n_jobs=-1, num_leaves=31, objective=None,
               random_state=8659, reg_alpha=0.0, reg_lambda=0.0, silent=True,
               subsample=1.0, subsample_for_bin=200000, subsample_freq=0), fold=StratifiedKFold(n_splits=10, random_state=None, shuffle=False), round=4, cross_validation=False, predict=False, fit_kwargs={}, groups=None, refit=True, verbose=False, system=False, metrics=None, display=None, kwargs={})
2021-03-27 12:11:27,408:INFO:Checking exceptions
2021-03-27 12:11:27,408:INFO:Importing libraries
2021-03-27 12:11:27,408:INFO:Copying training dataset
2021-03-27 12:11:27,409:INFO:Defining folds
2021-03-27 12:11:27,409:INFO:Declaring metric variables
2021-03-27 12:11:27,409:INFO:Importing untrained model
2021-03-27 12:11:27,409:INFO:Declaring custom model
2021-03-27 12:11:27,411:INFO:Light Gradient Boosting Machine Imported succesfully
2021-03-27 12:11:27,412:INFO:Cross validation set to False
2021-03-27 12:11:27,412:INFO:Fitting Model
2021-03-27 12:11:27,810:INFO:LGBMClassifier(boosting_type='gbdt', class_weight=None, colsample_bytree=1.0,
               importance_type='split', learning_rate=0.1, max_depth=-1,
               min_child_samples=20, min_child_weight=0.001, min_split_gain=0.0,
               n_estimators=100, n_jobs=-1, num_leaves=31, objective=None,
               random_state=8659, reg_alpha=0.0, reg_lambda=0.0, silent=True,
               subsample=1.0, subsample_for_bin=200000, subsample_freq=0)
2021-03-27 12:11:27,810:INFO:create_models() succesfully completed......................................
2021-03-27 12:11:27,979:INFO:create_model_container: 13
2021-03-27 12:11:27,979:INFO:master_model_container: 13
2021-03-27 12:11:27,979:INFO:display_container: 2
2021-03-27 12:11:27,980:INFO:LGBMClassifier(boosting_type='gbdt', class_weight=None, colsample_bytree=1.0,
               importance_type='split', learning_rate=0.1, max_depth=-1,
               min_child_samples=20, min_child_weight=0.001, min_split_gain=0.0,
               n_estimators=100, n_jobs=-1, num_leaves=31, objective=None,
               random_state=8659, reg_alpha=0.0, reg_lambda=0.0, silent=True,
               subsample=1.0, subsample_for_bin=200000, subsample_freq=0)
2021-03-27 12:11:27,980:INFO:compare_models() succesfully completed......................................
2021-03-27 12:11:27,986:INFO:Initializing compare_models()
2021-03-27 12:11:27,986:INFO:compare_models(include=None, fold=None, round=4, cross_validation=True, sort=Accuracy, n_select=3, budget_time=None, turbo=True, errors=ignore, fit_kwargs=None, groups=None, verbose=True, display=None, exclude=None)
2021-03-27 12:11:27,987:INFO:Checking exceptions
2021-03-27 12:11:27,989:INFO:Preparing display monitor
2021-03-27 12:11:27,989:INFO:Preparing display monitor
2021-03-27 12:11:28,041:INFO:Initializing Logistic Regression
2021-03-27 12:11:28,041:INFO:Total runtime is 5.221366882324218e-06 minutes
2021-03-27 12:11:28,059:INFO:SubProcess create_model() called ==================================
2021-03-27 12:11:28,059:INFO:Initializing create_model()
2021-03-27 12:11:28,060:INFO:create_model(estimator=lr, fold=StratifiedKFold(n_splits=10, random_state=None, shuffle=False), round=4, cross_validation=True, predict=True, fit_kwargs={}, groups=None, refit=False, verbose=False, system=False, metrics=None, display=<pycaret.internal.Display.Display object at 0x7fbd29d7b880>, kwargs={})
2021-03-27 12:11:28,060:INFO:Checking exceptions
2021-03-27 12:11:28,060:INFO:Importing libraries
2021-03-27 12:11:28,060:INFO:Copying training dataset
2021-03-27 12:11:28,062:INFO:Defining folds
2021-03-27 12:11:28,063:INFO:Declaring metric variables
2021-03-27 12:11:28,076:INFO:Importing untrained model
2021-03-27 12:11:28,097:INFO:Logistic Regression Imported succesfully
2021-03-27 12:11:28,135:INFO:Starting cross validation
2021-03-27 12:11:28,136:INFO:Cross validating with StratifiedKFold(n_splits=10, random_state=None, shuffle=False), n_jobs=-1
2021-03-27 12:11:50,837:INFO:Calculating mean and std
2021-03-27 12:11:50,840:INFO:Creating metrics dataframe
2021-03-27 12:11:50,853:INFO:Uploading results into container
2021-03-27 12:11:50,853:INFO:Uploading model into container now
2021-03-27 12:11:50,853:INFO:create_model_container: 14
2021-03-27 12:11:50,853:INFO:master_model_container: 14
2021-03-27 12:11:50,853:INFO:display_container: 3
2021-03-27 12:11:50,854:INFO:LogisticRegression(C=1.0, class_weight=None, dual=False, fit_intercept=True,
                   intercept_scaling=1, l1_ratio=None, max_iter=1000,
                   multi_class='auto', n_jobs=None, penalty='l2',
                   random_state=8659, solver='lbfgs', tol=0.0001, verbose=0,
                   warm_start=False)
2021-03-27 12:11:50,854:INFO:create_model() succesfully completed......................................
2021-03-27 12:11:50,959:INFO:SubProcess create_model() end ==================================
2021-03-27 12:11:50,959:INFO:Creating metrics dataframe
2021-03-27 12:11:50,992:INFO:Initializing K Neighbors Classifier
2021-03-27 12:11:50,993:INFO:Total runtime is 0.3825364907582601 minutes
2021-03-27 12:11:51,010:INFO:SubProcess create_model() called ==================================
2021-03-27 12:11:51,011:INFO:Initializing create_model()
2021-03-27 12:11:51,011:INFO:create_model(estimator=knn, fold=StratifiedKFold(n_splits=10, random_state=None, shuffle=False), round=4, cross_validation=True, predict=True, fit_kwargs={}, groups=None, refit=False, verbose=False, system=False, metrics=None, display=<pycaret.internal.Display.Display object at 0x7fbd29d7b880>, kwargs={})
2021-03-27 12:11:51,011:INFO:Checking exceptions
2021-03-27 12:11:51,011:INFO:Importing libraries
2021-03-27 12:11:51,011:INFO:Copying training dataset
2021-03-27 12:11:51,014:INFO:Defining folds
2021-03-27 12:11:51,014:INFO:Declaring metric variables
2021-03-27 12:11:51,030:INFO:Importing untrained model
2021-03-27 12:11:51,048:INFO:K Neighbors Classifier Imported succesfully
2021-03-27 12:11:51,088:INFO:Starting cross validation
2021-03-27 12:11:51,089:INFO:Cross validating with StratifiedKFold(n_splits=10, random_state=None, shuffle=False), n_jobs=-1
2021-03-27 12:12:10,663:INFO:Calculating mean and std
2021-03-27 12:12:10,665:INFO:Creating metrics dataframe
2021-03-27 12:12:10,678:INFO:Uploading results into container
2021-03-27 12:12:10,678:INFO:Uploading model into container now
2021-03-27 12:12:10,679:INFO:create_model_container: 15
2021-03-27 12:12:10,679:INFO:master_model_container: 15
2021-03-27 12:12:10,679:INFO:display_container: 3
2021-03-27 12:12:10,679:INFO:KNeighborsClassifier(algorithm='auto', leaf_size=30, metric='minkowski',
                     metric_params=None, n_jobs=-1, n_neighbors=5, p=2,
                     weights='uniform')
2021-03-27 12:12:10,679:INFO:create_model() succesfully completed......................................
2021-03-27 12:12:10,786:INFO:SubProcess create_model() end ==================================
2021-03-27 12:12:10,786:INFO:Creating metrics dataframe
2021-03-27 12:12:10,815:INFO:Initializing Naive Bayes
2021-03-27 12:12:10,815:INFO:Total runtime is 0.7129110018412272 minutes
2021-03-27 12:12:10,831:INFO:SubProcess create_model() called ==================================
2021-03-27 12:12:10,831:INFO:Initializing create_model()
2021-03-27 12:12:10,831:INFO:create_model(estimator=nb, fold=StratifiedKFold(n_splits=10, random_state=None, shuffle=False), round=4, cross_validation=True, predict=True, fit_kwargs={}, groups=None, refit=False, verbose=False, system=False, metrics=None, display=<pycaret.internal.Display.Display object at 0x7fbd29d7b880>, kwargs={})
2021-03-27 12:12:10,832:INFO:Checking exceptions
2021-03-27 12:12:10,832:INFO:Importing libraries
2021-03-27 12:12:10,832:INFO:Copying training dataset
2021-03-27 12:12:10,834:INFO:Defining folds
2021-03-27 12:12:10,834:INFO:Declaring metric variables
2021-03-27 12:12:10,849:INFO:Importing untrained model
2021-03-27 12:12:10,865:INFO:Naive Bayes Imported succesfully
2021-03-27 12:12:10,902:INFO:Starting cross validation
2021-03-27 12:12:10,903:INFO:Cross validating with StratifiedKFold(n_splits=10, random_state=None, shuffle=False), n_jobs=-1
2021-03-27 12:12:11,429:INFO:Calculating mean and std
2021-03-27 12:12:11,431:INFO:Creating metrics dataframe
2021-03-27 12:12:11,441:INFO:Uploading results into container
2021-03-27 12:12:11,442:INFO:Uploading model into container now
2021-03-27 12:12:11,442:INFO:create_model_container: 16
2021-03-27 12:12:11,442:INFO:master_model_container: 16
2021-03-27 12:12:11,442:INFO:display_container: 3
2021-03-27 12:12:11,443:INFO:GaussianNB(priors=None, var_smoothing=1e-09)
2021-03-27 12:12:11,443:INFO:create_model() succesfully completed......................................
2021-03-27 12:12:11,546:INFO:SubProcess create_model() end ==================================
2021-03-27 12:12:11,546:INFO:Creating metrics dataframe
2021-03-27 12:12:11,573:INFO:Initializing Decision Tree Classifier
2021-03-27 12:12:11,573:INFO:Total runtime is 0.725540574391683 minutes
2021-03-27 12:12:11,587:INFO:SubProcess create_model() called ==================================
2021-03-27 12:12:11,587:INFO:Initializing create_model()
2021-03-27 12:12:11,587:INFO:create_model(estimator=dt, fold=StratifiedKFold(n_splits=10, random_state=None, shuffle=False), round=4, cross_validation=True, predict=True, fit_kwargs={}, groups=None, refit=False, verbose=False, system=False, metrics=None, display=<pycaret.internal.Display.Display object at 0x7fbd29d7b880>, kwargs={})
2021-03-27 12:12:11,587:INFO:Checking exceptions
2021-03-27 12:12:11,587:INFO:Importing libraries
2021-03-27 12:12:11,587:INFO:Copying training dataset
2021-03-27 12:12:11,589:INFO:Defining folds
2021-03-27 12:12:11,590:INFO:Declaring metric variables
2021-03-27 12:12:11,602:INFO:Importing untrained model
2021-03-27 12:12:11,614:INFO:Decision Tree Classifier Imported succesfully
2021-03-27 12:12:11,641:INFO:Starting cross validation
2021-03-27 12:12:11,642:INFO:Cross validating with StratifiedKFold(n_splits=10, random_state=None, shuffle=False), n_jobs=-1
2021-03-27 12:12:13,053:INFO:Calculating mean and std
2021-03-27 12:12:13,056:INFO:Creating metrics dataframe
2021-03-27 12:12:13,065:INFO:Uploading results into container
2021-03-27 12:12:13,066:INFO:Uploading model into container now
2021-03-27 12:12:13,066:INFO:create_model_container: 17
2021-03-27 12:12:13,066:INFO:master_model_container: 17
2021-03-27 12:12:13,067:INFO:display_container: 3
2021-03-27 12:12:13,067:INFO:DecisionTreeClassifier(ccp_alpha=0.0, class_weight=None, criterion='gini',
                       max_depth=None, max_features=None, max_leaf_nodes=None,
                       min_impurity_decrease=0.0, min_impurity_split=None,
                       min_samples_leaf=1, min_samples_split=2,
                       min_weight_fraction_leaf=0.0, presort='deprecated',
                       random_state=8659, splitter='best')
2021-03-27 12:12:13,067:INFO:create_model() succesfully completed......................................
2021-03-27 12:12:13,166:INFO:SubProcess create_model() end ==================================
2021-03-27 12:12:13,166:INFO:Creating metrics dataframe
2021-03-27 12:12:13,193:INFO:Initializing SVM - Linear Kernel
2021-03-27 12:12:13,193:INFO:Total runtime is 0.752547538280487 minutes
2021-03-27 12:12:13,208:INFO:SubProcess create_model() called ==================================
2021-03-27 12:12:13,209:INFO:Initializing create_model()
2021-03-27 12:12:13,209:INFO:create_model(estimator=svm, fold=StratifiedKFold(n_splits=10, random_state=None, shuffle=False), round=4, cross_validation=True, predict=True, fit_kwargs={}, groups=None, refit=False, verbose=False, system=False, metrics=None, display=<pycaret.internal.Display.Display object at 0x7fbd29d7b880>, kwargs={})
2021-03-27 12:12:13,209:INFO:Checking exceptions
2021-03-27 12:12:13,209:INFO:Importing libraries
2021-03-27 12:12:13,209:INFO:Copying training dataset
2021-03-27 12:12:13,211:INFO:Defining folds
2021-03-27 12:12:13,211:INFO:Declaring metric variables
2021-03-27 12:12:13,225:INFO:Importing untrained model
2021-03-27 12:12:13,239:INFO:SVM - Linear Kernel Imported succesfully
2021-03-27 12:12:13,268:INFO:Starting cross validation
2021-03-27 12:12:13,270:INFO:Cross validating with StratifiedKFold(n_splits=10, random_state=None, shuffle=False), n_jobs=-1
2021-03-27 12:12:15,151:INFO:Calculating mean and std
2021-03-27 12:12:15,153:INFO:Creating metrics dataframe
2021-03-27 12:12:15,162:INFO:Uploading results into container
2021-03-27 12:12:15,163:INFO:Uploading model into container now
2021-03-27 12:12:15,163:INFO:create_model_container: 18
2021-03-27 12:12:15,163:INFO:master_model_container: 18
2021-03-27 12:12:15,163:INFO:display_container: 3
2021-03-27 12:12:15,164:INFO:SGDClassifier(alpha=0.0001, average=False, class_weight=None,
              early_stopping=False, epsilon=0.1, eta0=0.001, fit_intercept=True,
              l1_ratio=0.15, learning_rate='optimal', loss='hinge',
              max_iter=1000, n_iter_no_change=5, n_jobs=-1, penalty='l2',
              power_t=0.5, random_state=8659, shuffle=True, tol=0.001,
              validation_fraction=0.1, verbose=0, warm_start=False)
2021-03-27 12:12:15,164:INFO:create_model() succesfully completed......................................
2021-03-27 12:12:15,264:INFO:SubProcess create_model() end ==================================
2021-03-27 12:12:15,264:INFO:Creating metrics dataframe
2021-03-27 12:12:15,295:INFO:Initializing Ridge Classifier
2021-03-27 12:12:15,295:INFO:Total runtime is 0.7875722885131836 minutes
2021-03-27 12:12:15,310:INFO:SubProcess create_model() called ==================================
2021-03-27 12:12:15,311:INFO:Initializing create_model()
2021-03-27 12:12:15,311:INFO:create_model(estimator=ridge, fold=StratifiedKFold(n_splits=10, random_state=None, shuffle=False), round=4, cross_validation=True, predict=True, fit_kwargs={}, groups=None, refit=False, verbose=False, system=False, metrics=None, display=<pycaret.internal.Display.Display object at 0x7fbd29d7b880>, kwargs={})
2021-03-27 12:12:15,311:INFO:Checking exceptions
2021-03-27 12:12:15,311:INFO:Importing libraries
2021-03-27 12:12:15,311:INFO:Copying training dataset
2021-03-27 12:12:15,313:INFO:Defining folds
2021-03-27 12:12:15,313:INFO:Declaring metric variables
2021-03-27 12:12:15,325:INFO:Importing untrained model
2021-03-27 12:12:15,338:INFO:Ridge Classifier Imported succesfully
2021-03-27 12:12:15,367:INFO:Starting cross validation
2021-03-27 12:12:15,367:INFO:Cross validating with StratifiedKFold(n_splits=10, random_state=None, shuffle=False), n_jobs=-1
2021-03-27 12:12:15,791:INFO:Calculating mean and std
2021-03-27 12:12:15,793:INFO:Creating metrics dataframe
2021-03-27 12:12:15,800:INFO:Uploading results into container
2021-03-27 12:12:15,800:INFO:Uploading model into container now
2021-03-27 12:12:15,800:INFO:create_model_container: 19
2021-03-27 12:12:15,800:INFO:master_model_container: 19
2021-03-27 12:12:15,800:INFO:display_container: 3
2021-03-27 12:12:15,801:INFO:RidgeClassifier(alpha=1.0, class_weight=None, copy_X=True, fit_intercept=True,
                max_iter=None, normalize=False, random_state=8659,
                solver='auto', tol=0.001)
2021-03-27 12:12:15,801:INFO:create_model() succesfully completed......................................
2021-03-27 12:12:15,904:INFO:SubProcess create_model() end ==================================
2021-03-27 12:12:15,904:INFO:Creating metrics dataframe
2021-03-27 12:12:15,934:INFO:Initializing Random Forest Classifier
2021-03-27 12:12:15,935:INFO:Total runtime is 0.7982341448465984 minutes
2021-03-27 12:12:15,949:INFO:SubProcess create_model() called ==================================
2021-03-27 12:12:15,949:INFO:Initializing create_model()
2021-03-27 12:12:15,950:INFO:create_model(estimator=rf, fold=StratifiedKFold(n_splits=10, random_state=None, shuffle=False), round=4, cross_validation=True, predict=True, fit_kwargs={}, groups=None, refit=False, verbose=False, system=False, metrics=None, display=<pycaret.internal.Display.Display object at 0x7fbd29d7b880>, kwargs={})
2021-03-27 12:12:15,950:INFO:Checking exceptions
2021-03-27 12:12:15,950:INFO:Importing libraries
2021-03-27 12:12:15,950:INFO:Copying training dataset
2021-03-27 12:12:15,952:INFO:Defining folds
2021-03-27 12:12:15,953:INFO:Declaring metric variables
2021-03-27 12:12:15,966:INFO:Importing untrained model
2021-03-27 12:12:15,980:INFO:Random Forest Classifier Imported succesfully
2021-03-27 12:12:16,006:INFO:Starting cross validation
2021-03-27 12:12:16,010:INFO:Cross validating with StratifiedKFold(n_splits=10, random_state=None, shuffle=False), n_jobs=-1
2021-03-27 12:12:46,581:INFO:Calculating mean and std
2021-03-27 12:12:46,584:INFO:Creating metrics dataframe
2021-03-27 12:12:46,592:INFO:Uploading results into container
2021-03-27 12:12:46,593:INFO:Uploading model into container now
2021-03-27 12:12:46,593:INFO:create_model_container: 20
2021-03-27 12:12:46,593:INFO:master_model_container: 20
2021-03-27 12:12:46,593:INFO:display_container: 3
2021-03-27 12:12:46,594:INFO:RandomForestClassifier(bootstrap=True, ccp_alpha=0.0, class_weight=None,
                       criterion='gini', max_depth=None, max_features='auto',
                       max_leaf_nodes=None, max_samples=None,
                       min_impurity_decrease=0.0, min_impurity_split=None,
                       min_samples_leaf=1, min_samples_split=2,
                       min_weight_fraction_leaf=0.0, n_estimators=100,
                       n_jobs=-1, oob_score=False, random_state=8659, verbose=0,
                       warm_start=False)
2021-03-27 12:12:46,594:INFO:create_model() succesfully completed......................................
2021-03-27 12:12:46,692:INFO:SubProcess create_model() end ==================================
2021-03-27 12:12:46,692:INFO:Creating metrics dataframe
2021-03-27 12:12:46,728:INFO:Initializing Quadratic Discriminant Analysis
2021-03-27 12:12:46,728:INFO:Total runtime is 1.3114578485488892 minutes
2021-03-27 12:12:46,756:INFO:SubProcess create_model() called ==================================
2021-03-27 12:12:46,757:INFO:Initializing create_model()
2021-03-27 12:12:46,757:INFO:create_model(estimator=qda, fold=StratifiedKFold(n_splits=10, random_state=None, shuffle=False), round=4, cross_validation=True, predict=True, fit_kwargs={}, groups=None, refit=False, verbose=False, system=False, metrics=None, display=<pycaret.internal.Display.Display object at 0x7fbd29d7b880>, kwargs={})
2021-03-27 12:12:46,757:INFO:Checking exceptions
2021-03-27 12:12:46,757:INFO:Importing libraries
2021-03-27 12:12:46,757:INFO:Copying training dataset
2021-03-27 12:12:46,760:INFO:Defining folds
2021-03-27 12:12:46,760:INFO:Declaring metric variables
2021-03-27 12:12:46,780:INFO:Importing untrained model
2021-03-27 12:12:46,800:INFO:Quadratic Discriminant Analysis Imported succesfully
2021-03-27 12:12:46,842:INFO:Starting cross validation
2021-03-27 12:12:46,843:INFO:Cross validating with StratifiedKFold(n_splits=10, random_state=None, shuffle=False), n_jobs=-1
2021-03-27 12:12:47,850:INFO:Calculating mean and std
2021-03-27 12:12:47,853:INFO:Creating metrics dataframe
2021-03-27 12:12:47,863:INFO:Uploading results into container
2021-03-27 12:12:47,863:INFO:Uploading model into container now
2021-03-27 12:12:47,863:INFO:create_model_container: 21
2021-03-27 12:12:47,863:INFO:master_model_container: 21
2021-03-27 12:12:47,864:INFO:display_container: 3
2021-03-27 12:12:47,864:INFO:QuadraticDiscriminantAnalysis(priors=None, reg_param=0.0,
                              store_covariance=False, tol=0.0001)
2021-03-27 12:12:47,864:INFO:create_model() succesfully completed......................................
2021-03-27 12:12:47,989:INFO:SubProcess create_model() end ==================================
2021-03-27 12:12:47,990:INFO:Creating metrics dataframe
2021-03-27 12:12:48,044:INFO:Initializing Ada Boost Classifier
2021-03-27 12:12:48,045:INFO:Total runtime is 1.3334004004796347 minutes
2021-03-27 12:12:48,067:INFO:SubProcess create_model() called ==================================
2021-03-27 12:12:48,068:INFO:Initializing create_model()
2021-03-27 12:12:48,068:INFO:create_model(estimator=ada, fold=StratifiedKFold(n_splits=10, random_state=None, shuffle=False), round=4, cross_validation=True, predict=True, fit_kwargs={}, groups=None, refit=False, verbose=False, system=False, metrics=None, display=<pycaret.internal.Display.Display object at 0x7fbd29d7b880>, kwargs={})
2021-03-27 12:12:48,068:INFO:Checking exceptions
2021-03-27 12:12:48,069:INFO:Importing libraries
2021-03-27 12:12:48,069:INFO:Copying training dataset
2021-03-27 12:12:48,071:INFO:Defining folds
2021-03-27 12:12:48,071:INFO:Declaring metric variables
2021-03-27 12:12:48,087:INFO:Importing untrained model
2021-03-27 12:12:48,105:INFO:Ada Boost Classifier Imported succesfully
2021-03-27 12:12:48,135:INFO:Starting cross validation
2021-03-27 12:12:48,136:INFO:Cross validating with StratifiedKFold(n_splits=10, random_state=None, shuffle=False), n_jobs=-1
2021-03-27 12:12:55,542:INFO:Calculating mean and std
2021-03-27 12:12:55,545:INFO:Creating metrics dataframe
2021-03-27 12:12:55,555:INFO:Uploading results into container
2021-03-27 12:12:55,556:INFO:Uploading model into container now
2021-03-27 12:12:55,556:INFO:create_model_container: 22
2021-03-27 12:12:55,556:INFO:master_model_container: 22
2021-03-27 12:12:55,556:INFO:display_container: 3
2021-03-27 12:12:55,556:INFO:AdaBoostClassifier(algorithm='SAMME.R', base_estimator=None, learning_rate=1.0,
                   n_estimators=50, random_state=8659)
2021-03-27 12:12:55,556:INFO:create_model() succesfully completed......................................
2021-03-27 12:12:55,653:INFO:SubProcess create_model() end ==================================
2021-03-27 12:12:55,654:INFO:Creating metrics dataframe
2021-03-27 12:12:55,685:INFO:Initializing Gradient Boosting Classifier
2021-03-27 12:12:55,686:INFO:Total runtime is 1.460751541455587 minutes
2021-03-27 12:12:55,703:INFO:SubProcess create_model() called ==================================
2021-03-27 12:12:55,704:INFO:Initializing create_model()
2021-03-27 12:12:55,704:INFO:create_model(estimator=gbc, fold=StratifiedKFold(n_splits=10, random_state=None, shuffle=False), round=4, cross_validation=True, predict=True, fit_kwargs={}, groups=None, refit=False, verbose=False, system=False, metrics=None, display=<pycaret.internal.Display.Display object at 0x7fbd29d7b880>, kwargs={})
2021-03-27 12:12:55,704:INFO:Checking exceptions
2021-03-27 12:12:55,704:INFO:Importing libraries
2021-03-27 12:12:55,704:INFO:Copying training dataset
2021-03-27 12:12:55,707:INFO:Defining folds
2021-03-27 12:12:55,707:INFO:Declaring metric variables
2021-03-27 12:12:55,727:INFO:Importing untrained model
2021-03-27 12:12:55,749:INFO:Gradient Boosting Classifier Imported succesfully
2021-03-27 12:12:55,788:INFO:Starting cross validation
2021-03-27 12:12:55,790:INFO:Cross validating with StratifiedKFold(n_splits=10, random_state=None, shuffle=False), n_jobs=-1
2021-03-27 12:13:19,702:INFO:Calculating mean and std
2021-03-27 12:13:19,704:INFO:Creating metrics dataframe
2021-03-27 12:13:19,713:INFO:Uploading results into container
2021-03-27 12:13:19,714:INFO:Uploading model into container now
2021-03-27 12:13:19,714:INFO:create_model_container: 23
2021-03-27 12:13:19,714:INFO:master_model_container: 23
2021-03-27 12:13:19,715:INFO:display_container: 3
2021-03-27 12:13:19,716:INFO:GradientBoostingClassifier(ccp_alpha=0.0, criterion='friedman_mse', init=None,
                           learning_rate=0.1, loss='deviance', max_depth=3,
                           max_features=None, max_leaf_nodes=None,
                           min_impurity_decrease=0.0, min_impurity_split=None,
                           min_samples_leaf=1, min_samples_split=2,
                           min_weight_fraction_leaf=0.0, n_estimators=100,
                           n_iter_no_change=None, presort='deprecated',
                           random_state=8659, subsample=1.0, tol=0.0001,
                           validation_fraction=0.1, verbose=0,
                           warm_start=False)
2021-03-27 12:13:19,716:INFO:create_model() succesfully completed......................................
2021-03-27 12:13:19,830:INFO:SubProcess create_model() end ==================================
2021-03-27 12:13:19,831:INFO:Creating metrics dataframe
2021-03-27 12:13:19,861:INFO:Initializing Linear Discriminant Analysis
2021-03-27 12:13:19,861:INFO:Total runtime is 1.8636707623799644 minutes
2021-03-27 12:13:19,876:INFO:SubProcess create_model() called ==================================
2021-03-27 12:13:19,877:INFO:Initializing create_model()
2021-03-27 12:13:19,877:INFO:create_model(estimator=lda, fold=StratifiedKFold(n_splits=10, random_state=None, shuffle=False), round=4, cross_validation=True, predict=True, fit_kwargs={}, groups=None, refit=False, verbose=False, system=False, metrics=None, display=<pycaret.internal.Display.Display object at 0x7fbd29d7b880>, kwargs={})
2021-03-27 12:13:19,877:INFO:Checking exceptions
2021-03-27 12:13:19,878:INFO:Importing libraries
2021-03-27 12:13:19,878:INFO:Copying training dataset
2021-03-27 12:13:19,880:INFO:Defining folds
2021-03-27 12:13:19,880:INFO:Declaring metric variables
2021-03-27 12:13:19,895:INFO:Importing untrained model
2021-03-27 12:13:19,912:INFO:Linear Discriminant Analysis Imported succesfully
2021-03-27 12:13:19,954:INFO:Starting cross validation
2021-03-27 12:13:19,955:INFO:Cross validating with StratifiedKFold(n_splits=10, random_state=None, shuffle=False), n_jobs=-1
2021-03-27 12:13:21,079:INFO:Calculating mean and std
2021-03-27 12:13:21,080:INFO:Creating metrics dataframe
2021-03-27 12:13:21,087:INFO:Uploading results into container
2021-03-27 12:13:21,087:INFO:Uploading model into container now
2021-03-27 12:13:21,087:INFO:create_model_container: 24
2021-03-27 12:13:21,088:INFO:master_model_container: 24
2021-03-27 12:13:21,088:INFO:display_container: 3
2021-03-27 12:13:21,088:INFO:LinearDiscriminantAnalysis(n_components=None, priors=None, shrinkage=None,
                           solver='svd', store_covariance=False, tol=0.0001)
2021-03-27 12:13:21,088:INFO:create_model() succesfully completed......................................
2021-03-27 12:13:21,212:INFO:SubProcess create_model() end ==================================
2021-03-27 12:13:21,212:INFO:Creating metrics dataframe
2021-03-27 12:13:21,249:INFO:Initializing Extra Trees Classifier
2021-03-27 12:13:21,249:INFO:Total runtime is 1.8868042548497521 minutes
2021-03-27 12:13:21,264:INFO:SubProcess create_model() called ==================================
2021-03-27 12:13:21,265:INFO:Initializing create_model()
2021-03-27 12:13:21,265:INFO:create_model(estimator=et, fold=StratifiedKFold(n_splits=10, random_state=None, shuffle=False), round=4, cross_validation=True, predict=True, fit_kwargs={}, groups=None, refit=False, verbose=False, system=False, metrics=None, display=<pycaret.internal.Display.Display object at 0x7fbd29d7b880>, kwargs={})
2021-03-27 12:13:21,266:INFO:Checking exceptions
2021-03-27 12:13:21,266:INFO:Importing libraries
2021-03-27 12:13:21,266:INFO:Copying training dataset
2021-03-27 12:13:21,268:INFO:Defining folds
2021-03-27 12:13:21,269:INFO:Declaring metric variables
2021-03-27 12:13:21,283:INFO:Importing untrained model
2021-03-27 12:13:21,297:INFO:Extra Trees Classifier Imported succesfully
2021-03-27 12:13:21,334:INFO:Starting cross validation
2021-03-27 12:13:21,335:INFO:Cross validating with StratifiedKFold(n_splits=10, random_state=None, shuffle=False), n_jobs=-1
2021-03-27 12:13:49,070:INFO:Calculating mean and std
2021-03-27 12:13:49,073:INFO:Creating metrics dataframe
2021-03-27 12:13:49,082:INFO:Uploading results into container
2021-03-27 12:13:49,082:INFO:Uploading model into container now
2021-03-27 12:13:49,082:INFO:create_model_container: 25
2021-03-27 12:13:49,082:INFO:master_model_container: 25
2021-03-27 12:13:49,082:INFO:display_container: 3
2021-03-27 12:13:49,083:INFO:ExtraTreesClassifier(bootstrap=False, ccp_alpha=0.0, class_weight=None,
                     criterion='gini', max_depth=None, max_features='auto',
                     max_leaf_nodes=None, max_samples=None,
                     min_impurity_decrease=0.0, min_impurity_split=None,
                     min_samples_leaf=1, min_samples_split=2,
                     min_weight_fraction_leaf=0.0, n_estimators=100, n_jobs=-1,
                     oob_score=False, random_state=8659, verbose=0,
                     warm_start=False)
2021-03-27 12:13:49,083:INFO:create_model() succesfully completed......................................
2021-03-27 12:13:49,191:INFO:SubProcess create_model() end ==================================
2021-03-27 12:13:49,191:INFO:Creating metrics dataframe
2021-03-27 12:13:49,243:INFO:Initializing Light Gradient Boosting Machine
2021-03-27 12:13:49,243:INFO:Total runtime is 2.3533730586369837 minutes
2021-03-27 12:13:49,268:INFO:SubProcess create_model() called ==================================
2021-03-27 12:13:49,269:INFO:Initializing create_model()
2021-03-27 12:13:49,269:INFO:create_model(estimator=lightgbm, fold=StratifiedKFold(n_splits=10, random_state=None, shuffle=False), round=4, cross_validation=True, predict=True, fit_kwargs={}, groups=None, refit=False, verbose=False, system=False, metrics=None, display=<pycaret.internal.Display.Display object at 0x7fbd29d7b880>, kwargs={})
2021-03-27 12:13:49,269:INFO:Checking exceptions
2021-03-27 12:13:49,270:INFO:Importing libraries
2021-03-27 12:13:49,270:INFO:Copying training dataset
2021-03-27 12:13:49,273:INFO:Defining folds
2021-03-27 12:13:49,273:INFO:Declaring metric variables
2021-03-27 12:13:49,290:INFO:Importing untrained model
2021-03-27 12:13:49,304:INFO:Light Gradient Boosting Machine Imported succesfully
2021-03-27 12:13:49,337:INFO:Starting cross validation
2021-03-27 12:13:49,339:INFO:Cross validating with StratifiedKFold(n_splits=10, random_state=None, shuffle=False), n_jobs=-1
2021-03-27 12:13:52,494:INFO:Calculating mean and std
2021-03-27 12:13:52,497:INFO:Creating metrics dataframe
2021-03-27 12:13:52,506:INFO:Uploading results into container
2021-03-27 12:13:52,506:INFO:Uploading model into container now
2021-03-27 12:13:52,506:INFO:create_model_container: 26
2021-03-27 12:13:52,506:INFO:master_model_container: 26
2021-03-27 12:13:52,506:INFO:display_container: 3
2021-03-27 12:13:52,507:INFO:LGBMClassifier(boosting_type='gbdt', class_weight=None, colsample_bytree=1.0,
               importance_type='split', learning_rate=0.1, max_depth=-1,
               min_child_samples=20, min_child_weight=0.001, min_split_gain=0.0,
               n_estimators=100, n_jobs=-1, num_leaves=31, objective=None,
               random_state=8659, reg_alpha=0.0, reg_lambda=0.0, silent=True,
               subsample=1.0, subsample_for_bin=200000, subsample_freq=0)
2021-03-27 12:13:52,507:INFO:create_model() succesfully completed......................................
2021-03-27 12:13:52,600:INFO:SubProcess create_model() end ==================================
2021-03-27 12:13:52,601:INFO:Creating metrics dataframe
2021-03-27 12:13:52,694:INFO:Initializing create_model()
2021-03-27 12:13:52,694:INFO:create_model(estimator=LGBMClassifier(boosting_type='gbdt', class_weight=None, colsample_bytree=1.0,
               importance_type='split', learning_rate=0.1, max_depth=-1,
               min_child_samples=20, min_child_weight=0.001, min_split_gain=0.0,
               n_estimators=100, n_jobs=-1, num_leaves=31, objective=None,
               random_state=8659, reg_alpha=0.0, reg_lambda=0.0, silent=True,
               subsample=1.0, subsample_for_bin=200000, subsample_freq=0), fold=StratifiedKFold(n_splits=10, random_state=None, shuffle=False), round=4, cross_validation=False, predict=False, fit_kwargs={}, groups=None, refit=True, verbose=False, system=False, metrics=None, display=None, kwargs={})
2021-03-27 12:13:52,694:INFO:Checking exceptions
2021-03-27 12:13:52,694:INFO:Importing libraries
2021-03-27 12:13:52,694:INFO:Copying training dataset
2021-03-27 12:13:52,695:INFO:Defining folds
2021-03-27 12:13:52,695:INFO:Declaring metric variables
2021-03-27 12:13:52,695:INFO:Importing untrained model
2021-03-27 12:13:52,696:INFO:Declaring custom model
2021-03-27 12:13:52,697:INFO:Light Gradient Boosting Machine Imported succesfully
2021-03-27 12:13:52,698:INFO:Cross validation set to False
2021-03-27 12:13:52,698:INFO:Fitting Model
2021-03-27 12:13:53,036:INFO:LGBMClassifier(boosting_type='gbdt', class_weight=None, colsample_bytree=1.0,
               importance_type='split', learning_rate=0.1, max_depth=-1,
               min_child_samples=20, min_child_weight=0.001, min_split_gain=0.0,
               n_estimators=100, n_jobs=-1, num_leaves=31, objective=None,
               random_state=8659, reg_alpha=0.0, reg_lambda=0.0, silent=True,
               subsample=1.0, subsample_for_bin=200000, subsample_freq=0)
2021-03-27 12:13:53,037:INFO:create_models() succesfully completed......................................
2021-03-27 12:13:53,142:INFO:Initializing create_model()
2021-03-27 12:13:53,143:INFO:create_model(estimator=GradientBoostingClassifier(ccp_alpha=0.0, criterion='friedman_mse', init=None,
                           learning_rate=0.1, loss='deviance', max_depth=3,
                           max_features=None, max_leaf_nodes=None,
                           min_impurity_decrease=0.0, min_impurity_split=None,
                           min_samples_leaf=1, min_samples_split=2,
                           min_weight_fraction_leaf=0.0, n_estimators=100,
                           n_iter_no_change=None, presort='deprecated',
                           random_state=8659, subsample=1.0, tol=0.0001,
                           validation_fraction=0.1, verbose=0,
                           warm_start=False), fold=StratifiedKFold(n_splits=10, random_state=None, shuffle=False), round=4, cross_validation=False, predict=False, fit_kwargs={}, groups=None, refit=True, verbose=False, system=False, metrics=None, display=None, kwargs={})
2021-03-27 12:13:53,143:INFO:Checking exceptions
2021-03-27 12:13:53,143:INFO:Importing libraries
2021-03-27 12:13:53,143:INFO:Copying training dataset
2021-03-27 12:13:53,144:INFO:Defining folds
2021-03-27 12:13:53,144:INFO:Declaring metric variables
2021-03-27 12:13:53,144:INFO:Importing untrained model
2021-03-27 12:13:53,145:INFO:Declaring custom model
2021-03-27 12:13:53,146:INFO:Gradient Boosting Classifier Imported succesfully
2021-03-27 12:13:53,146:INFO:Cross validation set to False
2021-03-27 12:13:53,146:INFO:Fitting Model
2021-03-27 12:13:57,097:INFO:GradientBoostingClassifier(ccp_alpha=0.0, criterion='friedman_mse', init=None,
                           learning_rate=0.1, loss='deviance', max_depth=3,
                           max_features=None, max_leaf_nodes=None,
                           min_impurity_decrease=0.0, min_impurity_split=None,
                           min_samples_leaf=1, min_samples_split=2,
                           min_weight_fraction_leaf=0.0, n_estimators=100,
                           n_iter_no_change=None, presort='deprecated',
                           random_state=8659, subsample=1.0, tol=0.0001,
                           validation_fraction=0.1, verbose=0,
                           warm_start=False)
2021-03-27 12:13:57,097:INFO:create_models() succesfully completed......................................
2021-03-27 12:13:57,201:INFO:Initializing create_model()
2021-03-27 12:13:57,201:INFO:create_model(estimator=AdaBoostClassifier(algorithm='SAMME.R', base_estimator=None, learning_rate=1.0,
                   n_estimators=50, random_state=8659), fold=StratifiedKFold(n_splits=10, random_state=None, shuffle=False), round=4, cross_validation=False, predict=False, fit_kwargs={}, groups=None, refit=True, verbose=False, system=False, metrics=None, display=None, kwargs={})
2021-03-27 12:13:57,201:INFO:Checking exceptions
2021-03-27 12:13:57,201:INFO:Importing libraries
2021-03-27 12:13:57,202:INFO:Copying training dataset
2021-03-27 12:13:57,203:INFO:Defining folds
2021-03-27 12:13:57,203:INFO:Declaring metric variables
2021-03-27 12:13:57,203:INFO:Importing untrained model
2021-03-27 12:13:57,203:INFO:Declaring custom model
2021-03-27 12:13:57,204:INFO:Ada Boost Classifier Imported succesfully
2021-03-27 12:13:57,204:INFO:Cross validation set to False
2021-03-27 12:13:57,204:INFO:Fitting Model
2021-03-27 12:13:58,387:INFO:AdaBoostClassifier(algorithm='SAMME.R', base_estimator=None, learning_rate=1.0,
                   n_estimators=50, random_state=8659)
2021-03-27 12:13:58,387:INFO:create_models() succesfully completed......................................
2021-03-27 12:13:58,540:INFO:create_model_container: 26
2021-03-27 12:13:58,540:INFO:master_model_container: 26
2021-03-27 12:13:58,540:INFO:display_container: 3
2021-03-27 12:13:58,543:INFO:[LGBMClassifier(boosting_type='gbdt', class_weight=None, colsample_bytree=1.0,
               importance_type='split', learning_rate=0.1, max_depth=-1,
               min_child_samples=20, min_child_weight=0.001, min_split_gain=0.0,
               n_estimators=100, n_jobs=-1, num_leaves=31, objective=None,
               random_state=8659, reg_alpha=0.0, reg_lambda=0.0, silent=True,
               subsample=1.0, subsample_for_bin=200000, subsample_freq=0), GradientBoostingClassifier(ccp_alpha=0.0, criterion='friedman_mse', init=None,
                           learning_rate=0.1, loss='deviance', max_depth=3,
                           max_features=None, max_leaf_nodes=None,
                           min_impurity_decrease=0.0, min_impurity_split=None,
                           min_samples_leaf=1, min_samples_split=2,
                           min_weight_fraction_leaf=0.0, n_estimators=100,
                           n_iter_no_change=None, presort='deprecated',
                           random_state=8659, subsample=1.0, tol=0.0001,
                           validation_fraction=0.1, verbose=0,
                           warm_start=False), AdaBoostClassifier(algorithm='SAMME.R', base_estimator=None, learning_rate=1.0,
                   n_estimators=50, random_state=8659)]
2021-03-27 12:13:58,543:INFO:compare_models() succesfully completed......................................
